ARM GAS  C:\Users\Patrick\AppData\Local\Temp\ccnERHyY.s 			page 1


   1              		.cpu cortex-m3
   2              		.eabi_attribute 20, 1
   3              		.eabi_attribute 21, 1
   4              		.eabi_attribute 23, 3
   5              		.eabi_attribute 24, 1
   6              		.eabi_attribute 25, 1
   7              		.eabi_attribute 26, 1
   8              		.eabi_attribute 30, 1
   9              		.eabi_attribute 34, 1
  10              		.eabi_attribute 18, 4
  11              		.file	"adc.c"
  12              		.text
  13              	.Ltext0:
  14              		.cfi_sections	.debug_frame
  15              		.section	.text.MX_ADC1_Init,"ax",%progbits
  16              		.align	1
  17              		.global	MX_ADC1_Init
  18              		.syntax unified
  19              		.thumb
  20              		.thumb_func
  21              		.fpu softvfp
  23              	MX_ADC1_Init:
  24              	.LFB66:
  25              		.file 1 "Src/adc.c"
   1:Src/adc.c     **** /**
   2:Src/adc.c     ****   ******************************************************************************
   3:Src/adc.c     ****   * File Name          : ADC.c
   4:Src/adc.c     ****   * Description        : This file provides code for the configuration
   5:Src/adc.c     ****   *                      of the ADC instances.
   6:Src/adc.c     ****   ******************************************************************************
   7:Src/adc.c     ****   * @attention
   8:Src/adc.c     ****   *
   9:Src/adc.c     ****   * <h2><center>&copy; Copyright (c) 2019 STMicroelectronics.
  10:Src/adc.c     ****   * All rights reserved.</center></h2>
  11:Src/adc.c     ****   *
  12:Src/adc.c     ****   * This software component is licensed by ST under BSD 3-Clause license,
  13:Src/adc.c     ****   * the "License"; You may not use this file except in compliance with the
  14:Src/adc.c     ****   * License. You may obtain a copy of the License at:
  15:Src/adc.c     ****   *                        opensource.org/licenses/BSD-3-Clause
  16:Src/adc.c     ****   *
  17:Src/adc.c     ****   ******************************************************************************
  18:Src/adc.c     ****   */
  19:Src/adc.c     **** 
  20:Src/adc.c     **** /* Includes ------------------------------------------------------------------*/
  21:Src/adc.c     **** #include "adc.h"
  22:Src/adc.c     **** 
  23:Src/adc.c     **** /* USER CODE BEGIN 0 */
  24:Src/adc.c     **** 
  25:Src/adc.c     **** /* USER CODE END 0 */
  26:Src/adc.c     **** 
  27:Src/adc.c     **** ADC_HandleTypeDef hadc1;
  28:Src/adc.c     **** DMA_HandleTypeDef hdma_adc1;
  29:Src/adc.c     **** 
  30:Src/adc.c     **** /* ADC1 init function */
  31:Src/adc.c     **** void MX_ADC1_Init(void)
  32:Src/adc.c     **** {
  26              		.loc 1 32 0
ARM GAS  C:\Users\Patrick\AppData\Local\Temp\ccnERHyY.s 			page 2


  27              		.cfi_startproc
  28              		@ args = 0, pretend = 0, frame = 16
  29              		@ frame_needed = 0, uses_anonymous_args = 0
  30 0000 00B5     		push	{lr}
  31              	.LCFI0:
  32              		.cfi_def_cfa_offset 4
  33              		.cfi_offset 14, -4
  34 0002 85B0     		sub	sp, sp, #20
  35              	.LCFI1:
  36              		.cfi_def_cfa_offset 24
  33:Src/adc.c     ****   ADC_ChannelConfTypeDef sConfig = {0};
  37              		.loc 1 33 0
  38 0004 0023     		movs	r3, #0
  39 0006 0193     		str	r3, [sp, #4]
  40 0008 0293     		str	r3, [sp, #8]
  41 000a 0393     		str	r3, [sp, #12]
  34:Src/adc.c     **** 
  35:Src/adc.c     ****   /** Common config 
  36:Src/adc.c     ****   */
  37:Src/adc.c     ****   hadc1.Instance = ADC1;
  42              		.loc 1 37 0
  43 000c 1748     		ldr	r0, .L9
  44 000e 184A     		ldr	r2, .L9+4
  45 0010 0260     		str	r2, [r0]
  38:Src/adc.c     ****   hadc1.Init.ScanConvMode = ADC_SCAN_ENABLE;
  46              		.loc 1 38 0
  47 0012 4FF48072 		mov	r2, #256
  48 0016 8260     		str	r2, [r0, #8]
  39:Src/adc.c     ****   hadc1.Init.ContinuousConvMode = DISABLE;
  49              		.loc 1 39 0
  50 0018 C360     		str	r3, [r0, #12]
  40:Src/adc.c     ****   hadc1.Init.DiscontinuousConvMode = DISABLE;
  51              		.loc 1 40 0
  52 001a 4361     		str	r3, [r0, #20]
  41:Src/adc.c     ****   hadc1.Init.ExternalTrigConv = ADC_EXTERNALTRIGCONV_T3_TRGO;
  53              		.loc 1 41 0
  54 001c 4FF40022 		mov	r2, #524288
  55 0020 C261     		str	r2, [r0, #28]
  42:Src/adc.c     ****   hadc1.Init.DataAlign = ADC_DATAALIGN_RIGHT;
  56              		.loc 1 42 0
  57 0022 4360     		str	r3, [r0, #4]
  43:Src/adc.c     ****   hadc1.Init.NbrOfConversion = 2;
  58              		.loc 1 43 0
  59 0024 0223     		movs	r3, #2
  60 0026 0361     		str	r3, [r0, #16]
  44:Src/adc.c     ****   if (HAL_ADC_Init(&hadc1) != HAL_OK)
  61              		.loc 1 44 0
  62 0028 FFF7FEFF 		bl	HAL_ADC_Init
  63              	.LVL0:
  64 002c A8B9     		cbnz	r0, .L6
  65              	.L2:
  45:Src/adc.c     ****   {
  46:Src/adc.c     ****     Error_Handler();
  47:Src/adc.c     ****   }
  48:Src/adc.c     ****   /** Configure Regular Channel 
  49:Src/adc.c     ****   */
  50:Src/adc.c     ****   sConfig.Channel = ADC_CHANNEL_0;
ARM GAS  C:\Users\Patrick\AppData\Local\Temp\ccnERHyY.s 			page 3


  66              		.loc 1 50 0
  67 002e 0023     		movs	r3, #0
  68 0030 0193     		str	r3, [sp, #4]
  51:Src/adc.c     ****   sConfig.Rank = ADC_REGULAR_RANK_1;
  69              		.loc 1 51 0
  70 0032 0122     		movs	r2, #1
  71 0034 0292     		str	r2, [sp, #8]
  52:Src/adc.c     ****   sConfig.SamplingTime = ADC_SAMPLETIME_1CYCLE_5;
  72              		.loc 1 52 0
  73 0036 0393     		str	r3, [sp, #12]
  53:Src/adc.c     ****   if (HAL_ADC_ConfigChannel(&hadc1, &sConfig) != HAL_OK)
  74              		.loc 1 53 0
  75 0038 01A9     		add	r1, sp, #4
  76 003a 0C48     		ldr	r0, .L9
  77 003c FFF7FEFF 		bl	HAL_ADC_ConfigChannel
  78              	.LVL1:
  79 0040 70B9     		cbnz	r0, .L7
  80              	.L3:
  54:Src/adc.c     ****   {
  55:Src/adc.c     ****     Error_Handler();
  56:Src/adc.c     ****   }
  57:Src/adc.c     ****   /** Configure Regular Channel 
  58:Src/adc.c     ****   */
  59:Src/adc.c     ****   sConfig.Channel = ADC_CHANNEL_1;
  81              		.loc 1 59 0
  82 0042 0123     		movs	r3, #1
  83 0044 0193     		str	r3, [sp, #4]
  60:Src/adc.c     ****   sConfig.Rank = ADC_REGULAR_RANK_2;
  84              		.loc 1 60 0
  85 0046 0223     		movs	r3, #2
  86 0048 0293     		str	r3, [sp, #8]
  61:Src/adc.c     ****   if (HAL_ADC_ConfigChannel(&hadc1, &sConfig) != HAL_OK)
  87              		.loc 1 61 0
  88 004a 01A9     		add	r1, sp, #4
  89 004c 0748     		ldr	r0, .L9
  90 004e FFF7FEFF 		bl	HAL_ADC_ConfigChannel
  91              	.LVL2:
  92 0052 40B9     		cbnz	r0, .L8
  93              	.L1:
  62:Src/adc.c     ****   {
  63:Src/adc.c     ****     Error_Handler();
  64:Src/adc.c     ****   }
  65:Src/adc.c     **** 
  66:Src/adc.c     **** }
  94              		.loc 1 66 0
  95 0054 05B0     		add	sp, sp, #20
  96              	.LCFI2:
  97              		.cfi_remember_state
  98              		.cfi_def_cfa_offset 4
  99              		@ sp needed
 100 0056 5DF804FB 		ldr	pc, [sp], #4
 101              	.L6:
 102              	.LCFI3:
 103              		.cfi_restore_state
  46:Src/adc.c     ****   }
 104              		.loc 1 46 0
 105 005a FFF7FEFF 		bl	Error_Handler
ARM GAS  C:\Users\Patrick\AppData\Local\Temp\ccnERHyY.s 			page 4


 106              	.LVL3:
 107 005e E6E7     		b	.L2
 108              	.L7:
  55:Src/adc.c     ****   }
 109              		.loc 1 55 0
 110 0060 FFF7FEFF 		bl	Error_Handler
 111              	.LVL4:
 112 0064 EDE7     		b	.L3
 113              	.L8:
  63:Src/adc.c     ****   }
 114              		.loc 1 63 0
 115 0066 FFF7FEFF 		bl	Error_Handler
 116              	.LVL5:
 117              		.loc 1 66 0
 118 006a F3E7     		b	.L1
 119              	.L10:
 120              		.align	2
 121              	.L9:
 122 006c 00000000 		.word	hadc1
 123 0070 00240140 		.word	1073816576
 124              		.cfi_endproc
 125              	.LFE66:
 127              		.section	.text.HAL_ADC_MspInit,"ax",%progbits
 128              		.align	1
 129              		.global	HAL_ADC_MspInit
 130              		.syntax unified
 131              		.thumb
 132              		.thumb_func
 133              		.fpu softvfp
 135              	HAL_ADC_MspInit:
 136              	.LFB67:
  67:Src/adc.c     **** 
  68:Src/adc.c     **** void HAL_ADC_MspInit(ADC_HandleTypeDef* adcHandle)
  69:Src/adc.c     **** {
 137              		.loc 1 69 0
 138              		.cfi_startproc
 139              		@ args = 0, pretend = 0, frame = 24
 140              		@ frame_needed = 0, uses_anonymous_args = 0
 141              	.LVL6:
 142 0000 10B5     		push	{r4, lr}
 143              	.LCFI4:
 144              		.cfi_def_cfa_offset 8
 145              		.cfi_offset 4, -8
 146              		.cfi_offset 14, -4
 147 0002 86B0     		sub	sp, sp, #24
 148              	.LCFI5:
 149              		.cfi_def_cfa_offset 32
  70:Src/adc.c     **** 
  71:Src/adc.c     ****   GPIO_InitTypeDef GPIO_InitStruct = {0};
 150              		.loc 1 71 0
 151 0004 0023     		movs	r3, #0
 152 0006 0293     		str	r3, [sp, #8]
 153 0008 0393     		str	r3, [sp, #12]
 154 000a 0493     		str	r3, [sp, #16]
 155 000c 0593     		str	r3, [sp, #20]
  72:Src/adc.c     ****   if(adcHandle->Instance==ADC1)
 156              		.loc 1 72 0
ARM GAS  C:\Users\Patrick\AppData\Local\Temp\ccnERHyY.s 			page 5


 157 000e 0268     		ldr	r2, [r0]
 158 0010 224B     		ldr	r3, .L17
 159 0012 9A42     		cmp	r2, r3
 160 0014 01D0     		beq	.L15
 161              	.LVL7:
 162              	.L11:
  73:Src/adc.c     ****   {
  74:Src/adc.c     ****   /* USER CODE BEGIN ADC1_MspInit 0 */
  75:Src/adc.c     **** 
  76:Src/adc.c     ****   /* USER CODE END ADC1_MspInit 0 */
  77:Src/adc.c     ****     /* ADC1 clock enable */
  78:Src/adc.c     ****     __HAL_RCC_ADC1_CLK_ENABLE();
  79:Src/adc.c     ****   
  80:Src/adc.c     ****     __HAL_RCC_GPIOA_CLK_ENABLE();
  81:Src/adc.c     ****     /**ADC1 GPIO Configuration    
  82:Src/adc.c     ****     PA0-WKUP     ------> ADC1_IN0
  83:Src/adc.c     ****     PA1     ------> ADC1_IN1 
  84:Src/adc.c     ****     */
  85:Src/adc.c     ****     GPIO_InitStruct.Pin = GPIO_PIN_0|GPIO_PIN_1;
  86:Src/adc.c     ****     GPIO_InitStruct.Mode = GPIO_MODE_ANALOG;
  87:Src/adc.c     ****     HAL_GPIO_Init(GPIOA, &GPIO_InitStruct);
  88:Src/adc.c     **** 
  89:Src/adc.c     ****     /* ADC1 DMA Init */
  90:Src/adc.c     ****     /* ADC1 Init */
  91:Src/adc.c     ****     hdma_adc1.Instance = DMA1_Channel1;
  92:Src/adc.c     ****     hdma_adc1.Init.Direction = DMA_PERIPH_TO_MEMORY;
  93:Src/adc.c     ****     hdma_adc1.Init.PeriphInc = DMA_PINC_DISABLE;
  94:Src/adc.c     ****     hdma_adc1.Init.MemInc = DMA_MINC_ENABLE;
  95:Src/adc.c     ****     hdma_adc1.Init.PeriphDataAlignment = DMA_PDATAALIGN_HALFWORD;
  96:Src/adc.c     ****     hdma_adc1.Init.MemDataAlignment = DMA_MDATAALIGN_HALFWORD;
  97:Src/adc.c     ****     hdma_adc1.Init.Mode = DMA_CIRCULAR;
  98:Src/adc.c     ****     hdma_adc1.Init.Priority = DMA_PRIORITY_HIGH;
  99:Src/adc.c     ****     if (HAL_DMA_Init(&hdma_adc1) != HAL_OK)
 100:Src/adc.c     ****     {
 101:Src/adc.c     ****       Error_Handler();
 102:Src/adc.c     ****     }
 103:Src/adc.c     **** 
 104:Src/adc.c     ****     __HAL_LINKDMA(adcHandle,DMA_Handle,hdma_adc1);
 105:Src/adc.c     **** 
 106:Src/adc.c     ****     /* ADC1 interrupt Init */
 107:Src/adc.c     ****     HAL_NVIC_SetPriority(ADC1_2_IRQn, 0, 0);
 108:Src/adc.c     ****     HAL_NVIC_EnableIRQ(ADC1_2_IRQn);
 109:Src/adc.c     ****   /* USER CODE BEGIN ADC1_MspInit 1 */
 110:Src/adc.c     **** 
 111:Src/adc.c     ****   /* USER CODE END ADC1_MspInit 1 */
 112:Src/adc.c     ****   }
 113:Src/adc.c     **** }
 163              		.loc 1 113 0
 164 0016 06B0     		add	sp, sp, #24
 165              	.LCFI6:
 166              		.cfi_remember_state
 167              		.cfi_def_cfa_offset 8
 168              		@ sp needed
 169 0018 10BD     		pop	{r4, pc}
 170              	.LVL8:
 171              	.L15:
 172              	.LCFI7:
ARM GAS  C:\Users\Patrick\AppData\Local\Temp\ccnERHyY.s 			page 6


 173              		.cfi_restore_state
 174 001a 0446     		mov	r4, r0
 175              	.LBB2:
  78:Src/adc.c     ****   
 176              		.loc 1 78 0
 177 001c 03F56C43 		add	r3, r3, #60416
 178 0020 9A69     		ldr	r2, [r3, #24]
 179 0022 42F40072 		orr	r2, r2, #512
 180 0026 9A61     		str	r2, [r3, #24]
 181 0028 9A69     		ldr	r2, [r3, #24]
 182 002a 02F40072 		and	r2, r2, #512
 183 002e 0092     		str	r2, [sp]
 184 0030 009A     		ldr	r2, [sp]
 185              	.LBE2:
 186              	.LBB3:
  80:Src/adc.c     ****     /**ADC1 GPIO Configuration    
 187              		.loc 1 80 0
 188 0032 9A69     		ldr	r2, [r3, #24]
 189 0034 42F00402 		orr	r2, r2, #4
 190 0038 9A61     		str	r2, [r3, #24]
 191 003a 9B69     		ldr	r3, [r3, #24]
 192 003c 03F00403 		and	r3, r3, #4
 193 0040 0193     		str	r3, [sp, #4]
 194 0042 019B     		ldr	r3, [sp, #4]
 195              	.LBE3:
  85:Src/adc.c     ****     GPIO_InitStruct.Mode = GPIO_MODE_ANALOG;
 196              		.loc 1 85 0
 197 0044 0323     		movs	r3, #3
 198 0046 0293     		str	r3, [sp, #8]
  86:Src/adc.c     ****     HAL_GPIO_Init(GPIOA, &GPIO_InitStruct);
 199              		.loc 1 86 0
 200 0048 0393     		str	r3, [sp, #12]
  87:Src/adc.c     **** 
 201              		.loc 1 87 0
 202 004a 02A9     		add	r1, sp, #8
 203 004c 1448     		ldr	r0, .L17+4
 204              	.LVL9:
 205 004e FFF7FEFF 		bl	HAL_GPIO_Init
 206              	.LVL10:
  91:Src/adc.c     ****     hdma_adc1.Init.Direction = DMA_PERIPH_TO_MEMORY;
 207              		.loc 1 91 0
 208 0052 1448     		ldr	r0, .L17+8
 209 0054 144B     		ldr	r3, .L17+12
 210 0056 0360     		str	r3, [r0]
  92:Src/adc.c     ****     hdma_adc1.Init.PeriphInc = DMA_PINC_DISABLE;
 211              		.loc 1 92 0
 212 0058 0023     		movs	r3, #0
 213 005a 4360     		str	r3, [r0, #4]
  93:Src/adc.c     ****     hdma_adc1.Init.MemInc = DMA_MINC_ENABLE;
 214              		.loc 1 93 0
 215 005c 8360     		str	r3, [r0, #8]
  94:Src/adc.c     ****     hdma_adc1.Init.PeriphDataAlignment = DMA_PDATAALIGN_HALFWORD;
 216              		.loc 1 94 0
 217 005e 8023     		movs	r3, #128
 218 0060 C360     		str	r3, [r0, #12]
  95:Src/adc.c     ****     hdma_adc1.Init.MemDataAlignment = DMA_MDATAALIGN_HALFWORD;
 219              		.loc 1 95 0
ARM GAS  C:\Users\Patrick\AppData\Local\Temp\ccnERHyY.s 			page 7


 220 0062 4FF48073 		mov	r3, #256
 221 0066 0361     		str	r3, [r0, #16]
  96:Src/adc.c     ****     hdma_adc1.Init.Mode = DMA_CIRCULAR;
 222              		.loc 1 96 0
 223 0068 4FF48063 		mov	r3, #1024
 224 006c 4361     		str	r3, [r0, #20]
  97:Src/adc.c     ****     hdma_adc1.Init.Priority = DMA_PRIORITY_HIGH;
 225              		.loc 1 97 0
 226 006e 2023     		movs	r3, #32
 227 0070 8361     		str	r3, [r0, #24]
  98:Src/adc.c     ****     if (HAL_DMA_Init(&hdma_adc1) != HAL_OK)
 228              		.loc 1 98 0
 229 0072 4FF40053 		mov	r3, #8192
 230 0076 C361     		str	r3, [r0, #28]
  99:Src/adc.c     ****     {
 231              		.loc 1 99 0
 232 0078 FFF7FEFF 		bl	HAL_DMA_Init
 233              	.LVL11:
 234 007c 58B9     		cbnz	r0, .L16
 235              	.L13:
 104:Src/adc.c     **** 
 236              		.loc 1 104 0
 237 007e 094B     		ldr	r3, .L17+8
 238 0080 2362     		str	r3, [r4, #32]
 239 0082 5C62     		str	r4, [r3, #36]
 107:Src/adc.c     ****     HAL_NVIC_EnableIRQ(ADC1_2_IRQn);
 240              		.loc 1 107 0
 241 0084 0022     		movs	r2, #0
 242 0086 1146     		mov	r1, r2
 243 0088 1220     		movs	r0, #18
 244 008a FFF7FEFF 		bl	HAL_NVIC_SetPriority
 245              	.LVL12:
 108:Src/adc.c     ****   /* USER CODE BEGIN ADC1_MspInit 1 */
 246              		.loc 1 108 0
 247 008e 1220     		movs	r0, #18
 248 0090 FFF7FEFF 		bl	HAL_NVIC_EnableIRQ
 249              	.LVL13:
 250              		.loc 1 113 0
 251 0094 BFE7     		b	.L11
 252              	.L16:
 101:Src/adc.c     ****     }
 253              		.loc 1 101 0
 254 0096 FFF7FEFF 		bl	Error_Handler
 255              	.LVL14:
 256 009a F0E7     		b	.L13
 257              	.L18:
 258              		.align	2
 259              	.L17:
 260 009c 00240140 		.word	1073816576
 261 00a0 00080140 		.word	1073809408
 262 00a4 00000000 		.word	hdma_adc1
 263 00a8 08000240 		.word	1073872904
 264              		.cfi_endproc
 265              	.LFE67:
 267              		.section	.text.HAL_ADC_MspDeInit,"ax",%progbits
 268              		.align	1
 269              		.global	HAL_ADC_MspDeInit
ARM GAS  C:\Users\Patrick\AppData\Local\Temp\ccnERHyY.s 			page 8


 270              		.syntax unified
 271              		.thumb
 272              		.thumb_func
 273              		.fpu softvfp
 275              	HAL_ADC_MspDeInit:
 276              	.LFB68:
 114:Src/adc.c     **** 
 115:Src/adc.c     **** void HAL_ADC_MspDeInit(ADC_HandleTypeDef* adcHandle)
 116:Src/adc.c     **** {
 277              		.loc 1 116 0
 278              		.cfi_startproc
 279              		@ args = 0, pretend = 0, frame = 0
 280              		@ frame_needed = 0, uses_anonymous_args = 0
 281              	.LVL15:
 117:Src/adc.c     **** 
 118:Src/adc.c     ****   if(adcHandle->Instance==ADC1)
 282              		.loc 1 118 0
 283 0000 0268     		ldr	r2, [r0]
 284 0002 0B4B     		ldr	r3, .L26
 285 0004 9A42     		cmp	r2, r3
 286 0006 00D0     		beq	.L25
 287 0008 7047     		bx	lr
 288              	.L25:
 116:Src/adc.c     **** 
 289              		.loc 1 116 0
 290 000a 10B5     		push	{r4, lr}
 291              	.LCFI8:
 292              		.cfi_def_cfa_offset 8
 293              		.cfi_offset 4, -8
 294              		.cfi_offset 14, -4
 295 000c 0446     		mov	r4, r0
 119:Src/adc.c     ****   {
 120:Src/adc.c     ****   /* USER CODE BEGIN ADC1_MspDeInit 0 */
 121:Src/adc.c     **** 
 122:Src/adc.c     ****   /* USER CODE END ADC1_MspDeInit 0 */
 123:Src/adc.c     ****     /* Peripheral clock disable */
 124:Src/adc.c     ****     __HAL_RCC_ADC1_CLK_DISABLE();
 296              		.loc 1 124 0
 297 000e 094A     		ldr	r2, .L26+4
 298 0010 9369     		ldr	r3, [r2, #24]
 299 0012 23F40073 		bic	r3, r3, #512
 300 0016 9361     		str	r3, [r2, #24]
 125:Src/adc.c     ****   
 126:Src/adc.c     ****     /**ADC1 GPIO Configuration    
 127:Src/adc.c     ****     PA0-WKUP     ------> ADC1_IN0
 128:Src/adc.c     ****     PA1     ------> ADC1_IN1 
 129:Src/adc.c     ****     */
 130:Src/adc.c     ****     HAL_GPIO_DeInit(GPIOA, GPIO_PIN_0|GPIO_PIN_1);
 301              		.loc 1 130 0
 302 0018 0321     		movs	r1, #3
 303 001a 0748     		ldr	r0, .L26+8
 304              	.LVL16:
 305 001c FFF7FEFF 		bl	HAL_GPIO_DeInit
 306              	.LVL17:
 131:Src/adc.c     **** 
 132:Src/adc.c     ****     /* ADC1 DMA DeInit */
 133:Src/adc.c     ****     HAL_DMA_DeInit(adcHandle->DMA_Handle);
ARM GAS  C:\Users\Patrick\AppData\Local\Temp\ccnERHyY.s 			page 9


 307              		.loc 1 133 0
 308 0020 206A     		ldr	r0, [r4, #32]
 309 0022 FFF7FEFF 		bl	HAL_DMA_DeInit
 310              	.LVL18:
 134:Src/adc.c     **** 
 135:Src/adc.c     ****     /* ADC1 interrupt Deinit */
 136:Src/adc.c     ****     HAL_NVIC_DisableIRQ(ADC1_2_IRQn);
 311              		.loc 1 136 0
 312 0026 1220     		movs	r0, #18
 313 0028 FFF7FEFF 		bl	HAL_NVIC_DisableIRQ
 314              	.LVL19:
 137:Src/adc.c     ****   /* USER CODE BEGIN ADC1_MspDeInit 1 */
 138:Src/adc.c     **** 
 139:Src/adc.c     ****   /* USER CODE END ADC1_MspDeInit 1 */
 140:Src/adc.c     ****   }
 141:Src/adc.c     **** } 
 315              		.loc 1 141 0
 316 002c 10BD     		pop	{r4, pc}
 317              	.LVL20:
 318              	.L27:
 319 002e 00BF     		.align	2
 320              	.L26:
 321 0030 00240140 		.word	1073816576
 322 0034 00100240 		.word	1073876992
 323 0038 00080140 		.word	1073809408
 324              		.cfi_endproc
 325              	.LFE68:
 327              		.comm	hdma_adc1,68,4
 328              		.comm	hadc1,48,4
 329              		.text
 330              	.Letext0:
 331              		.file 2 "c:\\program files (x86)\\embedded toolchain\\gnu tools arm embedded\\7 2017-q4-major\\arm
 332              		.file 3 "c:\\program files (x86)\\embedded toolchain\\gnu tools arm embedded\\7 2017-q4-major\\arm
 333              		.file 4 "Drivers/CMSIS/Include/core_cm3.h"
 334              		.file 5 "Drivers/CMSIS/Device/ST/STM32F1xx/Include/system_stm32f1xx.h"
 335              		.file 6 "Drivers/CMSIS/Device/ST/STM32F1xx/Include/stm32f103xb.h"
 336              		.file 7 "Drivers/CMSIS/Device/ST/STM32F1xx/Include/stm32f1xx.h"
 337              		.file 8 "c:\\program files (x86)\\embedded toolchain\\gnu tools arm embedded\\7 2017-q4-major\\arm
 338              		.file 9 "c:\\program files (x86)\\embedded toolchain\\gnu tools arm embedded\\7 2017-q4-major\\arm
 339              		.file 10 "c:\\program files (x86)\\embedded toolchain\\gnu tools arm embedded\\7 2017-q4-major\\li
 340              		.file 11 "c:\\program files (x86)\\embedded toolchain\\gnu tools arm embedded\\7 2017-q4-major\\ar
 341              		.file 12 "Drivers/STM32F1xx_HAL_Driver/Inc/stm32f1xx_hal_def.h"
 342              		.file 13 "Drivers/STM32F1xx_HAL_Driver/Inc/stm32f1xx_hal_gpio.h"
 343              		.file 14 "Drivers/STM32F1xx_HAL_Driver/Inc/stm32f1xx_hal_dma.h"
 344              		.file 15 "Drivers/STM32F1xx_HAL_Driver/Inc/stm32f1xx_hal_adc.h"
 345              		.file 16 "Drivers/STM32F1xx_HAL_Driver/Inc/stm32f1xx_hal.h"
 346              		.file 17 "Inc/adc.h"
 347              		.file 18 "Drivers/STM32F1xx_HAL_Driver/Inc/stm32f1xx_hal_cortex.h"
 348              		.file 19 "Inc/main.h"
ARM GAS  C:\Users\Patrick\AppData\Local\Temp\ccnERHyY.s 			page 10


DEFINED SYMBOLS
                            *ABS*:00000000 adc.c
C:\Users\Patrick\AppData\Local\Temp\ccnERHyY.s:16     .text.MX_ADC1_Init:00000000 $t
C:\Users\Patrick\AppData\Local\Temp\ccnERHyY.s:23     .text.MX_ADC1_Init:00000000 MX_ADC1_Init
C:\Users\Patrick\AppData\Local\Temp\ccnERHyY.s:122    .text.MX_ADC1_Init:0000006c $d
                            *COM*:00000030 hadc1
C:\Users\Patrick\AppData\Local\Temp\ccnERHyY.s:128    .text.HAL_ADC_MspInit:00000000 $t
C:\Users\Patrick\AppData\Local\Temp\ccnERHyY.s:135    .text.HAL_ADC_MspInit:00000000 HAL_ADC_MspInit
C:\Users\Patrick\AppData\Local\Temp\ccnERHyY.s:260    .text.HAL_ADC_MspInit:0000009c $d
                            *COM*:00000044 hdma_adc1
C:\Users\Patrick\AppData\Local\Temp\ccnERHyY.s:268    .text.HAL_ADC_MspDeInit:00000000 $t
C:\Users\Patrick\AppData\Local\Temp\ccnERHyY.s:275    .text.HAL_ADC_MspDeInit:00000000 HAL_ADC_MspDeInit
C:\Users\Patrick\AppData\Local\Temp\ccnERHyY.s:321    .text.HAL_ADC_MspDeInit:00000030 $d

UNDEFINED SYMBOLS
HAL_ADC_Init
HAL_ADC_ConfigChannel
Error_Handler
HAL_GPIO_Init
HAL_DMA_Init
HAL_NVIC_SetPriority
HAL_NVIC_EnableIRQ
HAL_GPIO_DeInit
HAL_DMA_DeInit
HAL_NVIC_DisableIRQ
