ARM GAS  C:\Users\Patrick\AppData\Local\Temp\cccYMW7o.s 			page 1


   1              		.cpu cortex-m3
   2              		.eabi_attribute 20, 1
   3              		.eabi_attribute 21, 1
   4              		.eabi_attribute 23, 3
   5              		.eabi_attribute 24, 1
   6              		.eabi_attribute 25, 1
   7              		.eabi_attribute 26, 1
   8              		.eabi_attribute 30, 1
   9              		.eabi_attribute 34, 1
  10              		.eabi_attribute 18, 4
  11              		.file	"gpio.c"
  12              		.text
  13              	.Ltext0:
  14              		.cfi_sections	.debug_frame
  15              		.section	.text.MX_GPIO_Init,"ax",%progbits
  16              		.align	1
  17              		.global	MX_GPIO_Init
  18              		.syntax unified
  19              		.thumb
  20              		.thumb_func
  21              		.fpu softvfp
  23              	MX_GPIO_Init:
  24              	.LFB66:
  25              		.file 1 "Src/gpio.c"
   1:Src/gpio.c    **** /**
   2:Src/gpio.c    ****   ******************************************************************************
   3:Src/gpio.c    ****   * File Name          : gpio.c
   4:Src/gpio.c    ****   * Description        : This file provides code for the configuration
   5:Src/gpio.c    ****   *                      of all used GPIO pins.
   6:Src/gpio.c    ****   ******************************************************************************
   7:Src/gpio.c    ****   * @attention
   8:Src/gpio.c    ****   *
   9:Src/gpio.c    ****   * <h2><center>&copy; Copyright (c) 2019 STMicroelectronics.
  10:Src/gpio.c    ****   * All rights reserved.</center></h2>
  11:Src/gpio.c    ****   *
  12:Src/gpio.c    ****   * This software component is licensed by ST under BSD 3-Clause license,
  13:Src/gpio.c    ****   * the "License"; You may not use this file except in compliance with the
  14:Src/gpio.c    ****   * License. You may obtain a copy of the License at:
  15:Src/gpio.c    ****   *                        opensource.org/licenses/BSD-3-Clause
  16:Src/gpio.c    ****   *
  17:Src/gpio.c    ****   ******************************************************************************
  18:Src/gpio.c    ****   */
  19:Src/gpio.c    **** 
  20:Src/gpio.c    **** /* Includes ------------------------------------------------------------------*/
  21:Src/gpio.c    **** #include "gpio.h"
  22:Src/gpio.c    **** /* USER CODE BEGIN 0 */
  23:Src/gpio.c    **** 
  24:Src/gpio.c    **** /* USER CODE END 0 */
  25:Src/gpio.c    **** 
  26:Src/gpio.c    **** /*----------------------------------------------------------------------------*/
  27:Src/gpio.c    **** /* Configure GPIO                                                             */
  28:Src/gpio.c    **** /*----------------------------------------------------------------------------*/
  29:Src/gpio.c    **** /* USER CODE BEGIN 1 */
  30:Src/gpio.c    **** 
  31:Src/gpio.c    **** /* USER CODE END 1 */
  32:Src/gpio.c    **** 
  33:Src/gpio.c    **** /** Configure pins as 
ARM GAS  C:\Users\Patrick\AppData\Local\Temp\cccYMW7o.s 			page 2


  34:Src/gpio.c    ****         * Analog 
  35:Src/gpio.c    ****         * Input 
  36:Src/gpio.c    ****         * Output
  37:Src/gpio.c    ****         * EVENT_OUT
  38:Src/gpio.c    ****         * EXTI
  39:Src/gpio.c    ****         * Free pins are configured automatically as Analog (this feature is enabled through 
  40:Src/gpio.c    ****         * the Code Generation settings)
  41:Src/gpio.c    **** */
  42:Src/gpio.c    **** void MX_GPIO_Init(void)
  43:Src/gpio.c    **** {
  26              		.loc 1 43 0
  27              		.cfi_startproc
  28              		@ args = 0, pretend = 0, frame = 32
  29              		@ frame_needed = 0, uses_anonymous_args = 0
  30 0000 2DE9F043 		push	{r4, r5, r6, r7, r8, r9, lr}
  31              	.LCFI0:
  32              		.cfi_def_cfa_offset 28
  33              		.cfi_offset 4, -28
  34              		.cfi_offset 5, -24
  35              		.cfi_offset 6, -20
  36              		.cfi_offset 7, -16
  37              		.cfi_offset 8, -12
  38              		.cfi_offset 9, -8
  39              		.cfi_offset 14, -4
  40 0004 89B0     		sub	sp, sp, #36
  41              	.LCFI1:
  42              		.cfi_def_cfa_offset 64
  44:Src/gpio.c    **** 
  45:Src/gpio.c    ****   GPIO_InitTypeDef GPIO_InitStruct = {0};
  43              		.loc 1 45 0
  44 0006 0024     		movs	r4, #0
  45 0008 0494     		str	r4, [sp, #16]
  46 000a 0594     		str	r4, [sp, #20]
  47 000c 0694     		str	r4, [sp, #24]
  48 000e 0794     		str	r4, [sp, #28]
  49              	.LBB2:
  46:Src/gpio.c    **** 
  47:Src/gpio.c    ****   /* GPIO Ports Clock Enable */
  48:Src/gpio.c    ****   __HAL_RCC_GPIOC_CLK_ENABLE();
  50              		.loc 1 48 0
  51 0010 394B     		ldr	r3, .L3
  52 0012 9A69     		ldr	r2, [r3, #24]
  53 0014 42F01002 		orr	r2, r2, #16
  54 0018 9A61     		str	r2, [r3, #24]
  55 001a 9A69     		ldr	r2, [r3, #24]
  56 001c 02F01002 		and	r2, r2, #16
  57 0020 0092     		str	r2, [sp]
  58 0022 009A     		ldr	r2, [sp]
  59              	.LBE2:
  60              	.LBB3:
  49:Src/gpio.c    ****   __HAL_RCC_GPIOD_CLK_ENABLE();
  61              		.loc 1 49 0
  62 0024 9A69     		ldr	r2, [r3, #24]
  63 0026 42F02002 		orr	r2, r2, #32
  64 002a 9A61     		str	r2, [r3, #24]
  65 002c 9A69     		ldr	r2, [r3, #24]
  66 002e 02F02002 		and	r2, r2, #32
ARM GAS  C:\Users\Patrick\AppData\Local\Temp\cccYMW7o.s 			page 3


  67 0032 0192     		str	r2, [sp, #4]
  68 0034 019A     		ldr	r2, [sp, #4]
  69              	.LBE3:
  70              	.LBB4:
  50:Src/gpio.c    ****   __HAL_RCC_GPIOA_CLK_ENABLE();
  71              		.loc 1 50 0
  72 0036 9A69     		ldr	r2, [r3, #24]
  73 0038 42F00402 		orr	r2, r2, #4
  74 003c 9A61     		str	r2, [r3, #24]
  75 003e 9A69     		ldr	r2, [r3, #24]
  76 0040 02F00402 		and	r2, r2, #4
  77 0044 0292     		str	r2, [sp, #8]
  78 0046 029A     		ldr	r2, [sp, #8]
  79              	.LBE4:
  80              	.LBB5:
  51:Src/gpio.c    ****   __HAL_RCC_GPIOB_CLK_ENABLE();
  81              		.loc 1 51 0
  82 0048 9A69     		ldr	r2, [r3, #24]
  83 004a 42F00802 		orr	r2, r2, #8
  84 004e 9A61     		str	r2, [r3, #24]
  85 0050 9B69     		ldr	r3, [r3, #24]
  86 0052 03F00803 		and	r3, r3, #8
  87 0056 0393     		str	r3, [sp, #12]
  88 0058 039B     		ldr	r3, [sp, #12]
  89              	.LBE5:
  52:Src/gpio.c    **** 
  53:Src/gpio.c    ****   /*Configure GPIO pin Output Level */
  54:Src/gpio.c    ****   HAL_GPIO_WritePin(NLED_GPIO_Port, NLED_Pin, GPIO_PIN_SET);
  90              		.loc 1 54 0
  91 005a 284F     		ldr	r7, .L3+4
  92 005c 0122     		movs	r2, #1
  93 005e 4FF40051 		mov	r1, #8192
  94 0062 3846     		mov	r0, r7
  95 0064 FFF7FEFF 		bl	HAL_GPIO_WritePin
  96              	.LVL0:
  55:Src/gpio.c    **** 
  56:Src/gpio.c    ****   /*Configure GPIO pin Output Level */
  57:Src/gpio.c    ****   HAL_GPIO_WritePin(GPIOB, GPIO_PIN_12|GPIO_PIN_13|GPIO_PIN_14|GPIO_PIN_15, GPIO_PIN_RESET);
  97              		.loc 1 57 0
  98 0068 254D     		ldr	r5, .L3+8
  99 006a 2246     		mov	r2, r4
 100 006c 4FF47041 		mov	r1, #61440
 101 0070 2846     		mov	r0, r5
 102 0072 FFF7FEFF 		bl	HAL_GPIO_WritePin
 103              	.LVL1:
  58:Src/gpio.c    **** 
  59:Src/gpio.c    ****   /*Configure GPIO pin : PtPin */
  60:Src/gpio.c    ****   GPIO_InitStruct.Pin = NLED_Pin;
 104              		.loc 1 60 0
 105 0076 4FF40053 		mov	r3, #8192
 106 007a 0493     		str	r3, [sp, #16]
  61:Src/gpio.c    ****   GPIO_InitStruct.Mode = GPIO_MODE_OUTPUT_PP;
 107              		.loc 1 61 0
 108 007c 4FF00109 		mov	r9, #1
 109 0080 CDF81490 		str	r9, [sp, #20]
  62:Src/gpio.c    ****   GPIO_InitStruct.Pull = GPIO_NOPULL;
 110              		.loc 1 62 0
ARM GAS  C:\Users\Patrick\AppData\Local\Temp\cccYMW7o.s 			page 4


 111 0084 0694     		str	r4, [sp, #24]
  63:Src/gpio.c    ****   GPIO_InitStruct.Speed = GPIO_SPEED_FREQ_LOW;
 112              		.loc 1 63 0
 113 0086 4FF00208 		mov	r8, #2
 114 008a CDF81C80 		str	r8, [sp, #28]
  64:Src/gpio.c    ****   HAL_GPIO_Init(NLED_GPIO_Port, &GPIO_InitStruct);
 115              		.loc 1 64 0
 116 008e 04A9     		add	r1, sp, #16
 117 0090 3846     		mov	r0, r7
 118 0092 FFF7FEFF 		bl	HAL_GPIO_Init
 119              	.LVL2:
  65:Src/gpio.c    **** 
  66:Src/gpio.c    ****   /*Configure GPIO pins : PC14 PC15 */
  67:Src/gpio.c    ****   GPIO_InitStruct.Pin = GPIO_PIN_14|GPIO_PIN_15;
 120              		.loc 1 67 0
 121 0096 4FF44043 		mov	r3, #49152
 122 009a 0493     		str	r3, [sp, #16]
  68:Src/gpio.c    ****   GPIO_InitStruct.Mode = GPIO_MODE_ANALOG;
 123              		.loc 1 68 0
 124 009c 0326     		movs	r6, #3
 125 009e 0596     		str	r6, [sp, #20]
  69:Src/gpio.c    ****   HAL_GPIO_Init(GPIOC, &GPIO_InitStruct);
 126              		.loc 1 69 0
 127 00a0 04A9     		add	r1, sp, #16
 128 00a2 3846     		mov	r0, r7
 129 00a4 FFF7FEFF 		bl	HAL_GPIO_Init
 130              	.LVL3:
  70:Src/gpio.c    **** 
  71:Src/gpio.c    ****   /*Configure GPIO pins : PA2 PA3 PA4 PA5 
  72:Src/gpio.c    ****                            PA6 PA7 PA9 PA10 
  73:Src/gpio.c    ****                            PA15 */
  74:Src/gpio.c    ****   GPIO_InitStruct.Pin = GPIO_PIN_2|GPIO_PIN_3|GPIO_PIN_4|GPIO_PIN_5 
 131              		.loc 1 74 0
 132 00a8 48F2FC63 		movw	r3, #34556
 133 00ac 0493     		str	r3, [sp, #16]
  75:Src/gpio.c    ****                           |GPIO_PIN_6|GPIO_PIN_7|GPIO_PIN_9|GPIO_PIN_10 
  76:Src/gpio.c    ****                           |GPIO_PIN_15;
  77:Src/gpio.c    ****   GPIO_InitStruct.Mode = GPIO_MODE_ANALOG;
 134              		.loc 1 77 0
 135 00ae 0596     		str	r6, [sp, #20]
  78:Src/gpio.c    ****   HAL_GPIO_Init(GPIOA, &GPIO_InitStruct);
 136              		.loc 1 78 0
 137 00b0 04A9     		add	r1, sp, #16
 138 00b2 1448     		ldr	r0, .L3+12
 139 00b4 FFF7FEFF 		bl	HAL_GPIO_Init
 140              	.LVL4:
  79:Src/gpio.c    **** 
  80:Src/gpio.c    ****   /*Configure GPIO pins : PB0 PB1 PB10 PB11 
  81:Src/gpio.c    ****                            PB3 PB4 PB5 PB8 
  82:Src/gpio.c    ****                            PB9 */
  83:Src/gpio.c    ****   GPIO_InitStruct.Pin = GPIO_PIN_0|GPIO_PIN_1|GPIO_PIN_10|GPIO_PIN_11 
 141              		.loc 1 83 0
 142 00b8 40F63B73 		movw	r3, #3899
 143 00bc 0493     		str	r3, [sp, #16]
  84:Src/gpio.c    ****                           |GPIO_PIN_3|GPIO_PIN_4|GPIO_PIN_5|GPIO_PIN_8 
  85:Src/gpio.c    ****                           |GPIO_PIN_9;
  86:Src/gpio.c    ****   GPIO_InitStruct.Mode = GPIO_MODE_ANALOG;
ARM GAS  C:\Users\Patrick\AppData\Local\Temp\cccYMW7o.s 			page 5


 144              		.loc 1 86 0
 145 00be 0596     		str	r6, [sp, #20]
  87:Src/gpio.c    ****   HAL_GPIO_Init(GPIOB, &GPIO_InitStruct);
 146              		.loc 1 87 0
 147 00c0 04A9     		add	r1, sp, #16
 148 00c2 2846     		mov	r0, r5
 149 00c4 FFF7FEFF 		bl	HAL_GPIO_Init
 150              	.LVL5:
  88:Src/gpio.c    **** 
  89:Src/gpio.c    ****   /*Configure GPIO pin : PtPin */
  90:Src/gpio.c    ****   GPIO_InitStruct.Pin = BOOT1_Pin;
 151              		.loc 1 90 0
 152 00c8 0423     		movs	r3, #4
 153 00ca 0493     		str	r3, [sp, #16]
  91:Src/gpio.c    ****   GPIO_InitStruct.Mode = GPIO_MODE_INPUT;
 154              		.loc 1 91 0
 155 00cc 0594     		str	r4, [sp, #20]
  92:Src/gpio.c    ****   GPIO_InitStruct.Pull = GPIO_NOPULL;
 156              		.loc 1 92 0
 157 00ce 0694     		str	r4, [sp, #24]
  93:Src/gpio.c    ****   HAL_GPIO_Init(BOOT1_GPIO_Port, &GPIO_InitStruct);
 158              		.loc 1 93 0
 159 00d0 04A9     		add	r1, sp, #16
 160 00d2 2846     		mov	r0, r5
 161 00d4 FFF7FEFF 		bl	HAL_GPIO_Init
 162              	.LVL6:
  94:Src/gpio.c    **** 
  95:Src/gpio.c    ****   /*Configure GPIO pins : PB12 PB13 PB14 PB15 */
  96:Src/gpio.c    ****   GPIO_InitStruct.Pin = GPIO_PIN_12|GPIO_PIN_13|GPIO_PIN_14|GPIO_PIN_15;
 163              		.loc 1 96 0
 164 00d8 4FF47043 		mov	r3, #61440
 165 00dc 0493     		str	r3, [sp, #16]
  97:Src/gpio.c    ****   GPIO_InitStruct.Mode = GPIO_MODE_OUTPUT_PP;
 166              		.loc 1 97 0
 167 00de CDF81490 		str	r9, [sp, #20]
  98:Src/gpio.c    ****   GPIO_InitStruct.Pull = GPIO_NOPULL;
 168              		.loc 1 98 0
 169 00e2 0694     		str	r4, [sp, #24]
  99:Src/gpio.c    ****   GPIO_InitStruct.Speed = GPIO_SPEED_FREQ_LOW;
 170              		.loc 1 99 0
 171 00e4 CDF81C80 		str	r8, [sp, #28]
 100:Src/gpio.c    ****   HAL_GPIO_Init(GPIOB, &GPIO_InitStruct);
 172              		.loc 1 100 0
 173 00e8 04A9     		add	r1, sp, #16
 174 00ea 2846     		mov	r0, r5
 175 00ec FFF7FEFF 		bl	HAL_GPIO_Init
 176              	.LVL7:
 101:Src/gpio.c    **** 
 102:Src/gpio.c    **** }
 177              		.loc 1 102 0
 178 00f0 09B0     		add	sp, sp, #36
 179              	.LCFI2:
 180              		.cfi_def_cfa_offset 28
 181              		@ sp needed
 182 00f2 BDE8F083 		pop	{r4, r5, r6, r7, r8, r9, pc}
 183              	.L4:
 184 00f6 00BF     		.align	2
ARM GAS  C:\Users\Patrick\AppData\Local\Temp\cccYMW7o.s 			page 6


 185              	.L3:
 186 00f8 00100240 		.word	1073876992
 187 00fc 00100140 		.word	1073811456
 188 0100 000C0140 		.word	1073810432
 189 0104 00080140 		.word	1073809408
 190              		.cfi_endproc
 191              	.LFE66:
 193              		.text
 194              	.Letext0:
 195              		.file 2 "c:\\program files (x86)\\embedded toolchain\\gnu tools arm embedded\\7 2017-q4-major\\arm
 196              		.file 3 "c:\\program files (x86)\\embedded toolchain\\gnu tools arm embedded\\7 2017-q4-major\\arm
 197              		.file 4 "Drivers/CMSIS/Include/core_cm3.h"
 198              		.file 5 "Drivers/CMSIS/Device/ST/STM32F1xx/Include/system_stm32f1xx.h"
 199              		.file 6 "Drivers/CMSIS/Device/ST/STM32F1xx/Include/stm32f103xb.h"
 200              		.file 7 "c:\\program files (x86)\\embedded toolchain\\gnu tools arm embedded\\7 2017-q4-major\\arm
 201              		.file 8 "c:\\program files (x86)\\embedded toolchain\\gnu tools arm embedded\\7 2017-q4-major\\arm
 202              		.file 9 "c:\\program files (x86)\\embedded toolchain\\gnu tools arm embedded\\7 2017-q4-major\\lib
 203              		.file 10 "c:\\program files (x86)\\embedded toolchain\\gnu tools arm embedded\\7 2017-q4-major\\ar
 204              		.file 11 "Drivers/STM32F1xx_HAL_Driver/Inc/stm32f1xx_hal_gpio.h"
 205              		.file 12 "Drivers/STM32F1xx_HAL_Driver/Inc/stm32f1xx_hal.h"
ARM GAS  C:\Users\Patrick\AppData\Local\Temp\cccYMW7o.s 			page 7


DEFINED SYMBOLS
                            *ABS*:00000000 gpio.c
C:\Users\Patrick\AppData\Local\Temp\cccYMW7o.s:16     .text.MX_GPIO_Init:00000000 $t
C:\Users\Patrick\AppData\Local\Temp\cccYMW7o.s:23     .text.MX_GPIO_Init:00000000 MX_GPIO_Init
C:\Users\Patrick\AppData\Local\Temp\cccYMW7o.s:186    .text.MX_GPIO_Init:000000f8 $d

UNDEFINED SYMBOLS
HAL_GPIO_WritePin
HAL_GPIO_Init
