ARM GAS  C:\Users\Patrick\AppData\Local\Temp\ccrFS9S6.s 			page 1


   1              		.cpu cortex-m3
   2              		.eabi_attribute 20, 1
   3              		.eabi_attribute 21, 1
   4              		.eabi_attribute 23, 3
   5              		.eabi_attribute 24, 1
   6              		.eabi_attribute 25, 1
   7              		.eabi_attribute 26, 1
   8              		.eabi_attribute 30, 1
   9              		.eabi_attribute 34, 1
  10              		.eabi_attribute 18, 4
  11              		.file	"tim.c"
  12              		.text
  13              	.Ltext0:
  14              		.cfi_sections	.debug_frame
  15              		.section	.text.MX_TIM3_Init,"ax",%progbits
  16              		.align	1
  17              		.global	MX_TIM3_Init
  18              		.syntax unified
  19              		.thumb
  20              		.thumb_func
  21              		.fpu softvfp
  23              	MX_TIM3_Init:
  24              	.LFB67:
  25              		.file 1 "Src/tim.c"
   1:Src/tim.c     **** /**
   2:Src/tim.c     ****   ******************************************************************************
   3:Src/tim.c     ****   * File Name          : TIM.c
   4:Src/tim.c     ****   * Description        : This file provides code for the configuration
   5:Src/tim.c     ****   *                      of the TIM instances.
   6:Src/tim.c     ****   ******************************************************************************
   7:Src/tim.c     ****   * @attention
   8:Src/tim.c     ****   *
   9:Src/tim.c     ****   * <h2><center>&copy; Copyright (c) 2019 STMicroelectronics.
  10:Src/tim.c     ****   * All rights reserved.</center></h2>
  11:Src/tim.c     ****   *
  12:Src/tim.c     ****   * This software component is licensed by ST under BSD 3-Clause license,
  13:Src/tim.c     ****   * the "License"; You may not use this file except in compliance with the
  14:Src/tim.c     ****   * License. You may obtain a copy of the License at:
  15:Src/tim.c     ****   *                        opensource.org/licenses/BSD-3-Clause
  16:Src/tim.c     ****   *
  17:Src/tim.c     ****   ******************************************************************************
  18:Src/tim.c     ****   */
  19:Src/tim.c     **** 
  20:Src/tim.c     **** /* Includes ------------------------------------------------------------------*/
  21:Src/tim.c     **** #include "tim.h"
  22:Src/tim.c     **** 
  23:Src/tim.c     **** /* USER CODE BEGIN 0 */
  24:Src/tim.c     **** 
  25:Src/tim.c     **** /* USER CODE END 0 */
  26:Src/tim.c     **** 
  27:Src/tim.c     **** TIM_HandleTypeDef htim1;
  28:Src/tim.c     **** TIM_HandleTypeDef htim3;
  29:Src/tim.c     **** 
  30:Src/tim.c     **** /* TIM1 init function */
  31:Src/tim.c     **** void MX_TIM1_Init(void)
  32:Src/tim.c     **** {
  33:Src/tim.c     ****   TIM_ClockConfigTypeDef sClockSourceConfig = {0};
ARM GAS  C:\Users\Patrick\AppData\Local\Temp\ccrFS9S6.s 			page 2


  34:Src/tim.c     ****   TIM_MasterConfigTypeDef sMasterConfig = {0};
  35:Src/tim.c     ****   TIM_OC_InitTypeDef sConfigOC = {0};
  36:Src/tim.c     ****   TIM_BreakDeadTimeConfigTypeDef sBreakDeadTimeConfig = {0};
  37:Src/tim.c     **** 
  38:Src/tim.c     ****   htim1.Instance = TIM1;
  39:Src/tim.c     ****   htim1.Init.Prescaler = 1199;
  40:Src/tim.c     ****   htim1.Init.CounterMode = TIM_COUNTERMODE_UP;
  41:Src/tim.c     ****   htim1.Init.Period = 1199;
  42:Src/tim.c     ****   htim1.Init.ClockDivision = TIM_CLOCKDIVISION_DIV1;
  43:Src/tim.c     ****   htim1.Init.RepetitionCounter = 0;
  44:Src/tim.c     ****   htim1.Init.AutoReloadPreload = TIM_AUTORELOAD_PRELOAD_DISABLE;
  45:Src/tim.c     ****   if (HAL_TIM_Base_Init(&htim1) != HAL_OK)
  46:Src/tim.c     ****   {
  47:Src/tim.c     ****     Error_Handler();
  48:Src/tim.c     ****   }
  49:Src/tim.c     ****   sClockSourceConfig.ClockSource = TIM_CLOCKSOURCE_INTERNAL;
  50:Src/tim.c     ****   if (HAL_TIM_ConfigClockSource(&htim1, &sClockSourceConfig) != HAL_OK)
  51:Src/tim.c     ****   {
  52:Src/tim.c     ****     Error_Handler();
  53:Src/tim.c     ****   }
  54:Src/tim.c     ****   if (HAL_TIM_PWM_Init(&htim1) != HAL_OK)
  55:Src/tim.c     ****   {
  56:Src/tim.c     ****     Error_Handler();
  57:Src/tim.c     ****   }
  58:Src/tim.c     ****   sMasterConfig.MasterOutputTrigger = TIM_TRGO_RESET;
  59:Src/tim.c     ****   sMasterConfig.MasterSlaveMode = TIM_MASTERSLAVEMODE_DISABLE;
  60:Src/tim.c     ****   if (HAL_TIMEx_MasterConfigSynchronization(&htim1, &sMasterConfig) != HAL_OK)
  61:Src/tim.c     ****   {
  62:Src/tim.c     ****     Error_Handler();
  63:Src/tim.c     ****   }
  64:Src/tim.c     ****   sConfigOC.OCMode = TIM_OCMODE_PWM1;
  65:Src/tim.c     ****   sConfigOC.Pulse = 599;
  66:Src/tim.c     ****   sConfigOC.OCPolarity = TIM_OCPOLARITY_HIGH;
  67:Src/tim.c     ****   sConfigOC.OCNPolarity = TIM_OCNPOLARITY_HIGH;
  68:Src/tim.c     ****   sConfigOC.OCFastMode = TIM_OCFAST_DISABLE;
  69:Src/tim.c     ****   sConfigOC.OCIdleState = TIM_OCIDLESTATE_RESET;
  70:Src/tim.c     ****   sConfigOC.OCNIdleState = TIM_OCNIDLESTATE_RESET;
  71:Src/tim.c     ****   if (HAL_TIM_PWM_ConfigChannel(&htim1, &sConfigOC, TIM_CHANNEL_1) != HAL_OK)
  72:Src/tim.c     ****   {
  73:Src/tim.c     ****     Error_Handler();
  74:Src/tim.c     ****   }
  75:Src/tim.c     ****   sBreakDeadTimeConfig.OffStateRunMode = TIM_OSSR_DISABLE;
  76:Src/tim.c     ****   sBreakDeadTimeConfig.OffStateIDLEMode = TIM_OSSI_DISABLE;
  77:Src/tim.c     ****   sBreakDeadTimeConfig.LockLevel = TIM_LOCKLEVEL_OFF;
  78:Src/tim.c     ****   sBreakDeadTimeConfig.DeadTime = 0;
  79:Src/tim.c     ****   sBreakDeadTimeConfig.BreakState = TIM_BREAK_DISABLE;
  80:Src/tim.c     ****   sBreakDeadTimeConfig.BreakPolarity = TIM_BREAKPOLARITY_HIGH;
  81:Src/tim.c     ****   sBreakDeadTimeConfig.AutomaticOutput = TIM_AUTOMATICOUTPUT_DISABLE;
  82:Src/tim.c     ****   if (HAL_TIMEx_ConfigBreakDeadTime(&htim1, &sBreakDeadTimeConfig) != HAL_OK)
  83:Src/tim.c     ****   {
  84:Src/tim.c     ****     Error_Handler();
  85:Src/tim.c     ****   }
  86:Src/tim.c     ****   HAL_TIM_MspPostInit(&htim1);
  87:Src/tim.c     **** 
  88:Src/tim.c     **** }
  89:Src/tim.c     **** /* TIM3 init function */
  90:Src/tim.c     **** void MX_TIM3_Init(void)
ARM GAS  C:\Users\Patrick\AppData\Local\Temp\ccrFS9S6.s 			page 3


  91:Src/tim.c     **** {
  26              		.loc 1 91 0
  27              		.cfi_startproc
  28              		@ args = 0, pretend = 0, frame = 24
  29              		@ frame_needed = 0, uses_anonymous_args = 0
  30 0000 00B5     		push	{lr}
  31              	.LCFI0:
  32              		.cfi_def_cfa_offset 4
  33              		.cfi_offset 14, -4
  34 0002 87B0     		sub	sp, sp, #28
  35              	.LCFI1:
  36              		.cfi_def_cfa_offset 32
  92:Src/tim.c     ****   TIM_ClockConfigTypeDef sClockSourceConfig = {0};
  37              		.loc 1 92 0
  38 0004 0023     		movs	r3, #0
  39 0006 0293     		str	r3, [sp, #8]
  40 0008 0393     		str	r3, [sp, #12]
  41 000a 0493     		str	r3, [sp, #16]
  42 000c 0593     		str	r3, [sp, #20]
  93:Src/tim.c     ****   TIM_MasterConfigTypeDef sMasterConfig = {0};
  43              		.loc 1 93 0
  44 000e 0093     		str	r3, [sp]
  45 0010 0193     		str	r3, [sp, #4]
  94:Src/tim.c     **** 
  95:Src/tim.c     ****   htim3.Instance = TIM3;
  46              		.loc 1 95 0
  47 0012 1648     		ldr	r0, .L9
  48 0014 164A     		ldr	r2, .L9+4
  49 0016 0260     		str	r2, [r0]
  96:Src/tim.c     ****   htim3.Init.Prescaler = 999;
  50              		.loc 1 96 0
  51 0018 40F2E732 		movw	r2, #999
  52 001c 4260     		str	r2, [r0, #4]
  97:Src/tim.c     ****   htim3.Init.CounterMode = TIM_COUNTERMODE_UP;
  53              		.loc 1 97 0
  54 001e 8360     		str	r3, [r0, #8]
  98:Src/tim.c     ****   htim3.Init.Period = 1439;
  55              		.loc 1 98 0
  56 0020 40F29F52 		movw	r2, #1439
  57 0024 C260     		str	r2, [r0, #12]
  99:Src/tim.c     ****   htim3.Init.ClockDivision = TIM_CLOCKDIVISION_DIV1;
  58              		.loc 1 99 0
  59 0026 0361     		str	r3, [r0, #16]
 100:Src/tim.c     ****   htim3.Init.AutoReloadPreload = TIM_AUTORELOAD_PRELOAD_DISABLE;
  60              		.loc 1 100 0
  61 0028 8361     		str	r3, [r0, #24]
 101:Src/tim.c     ****   if (HAL_TIM_Base_Init(&htim3) != HAL_OK)
  62              		.loc 1 101 0
  63 002a FFF7FEFF 		bl	HAL_TIM_Base_Init
  64              	.LVL0:
  65 002e A0B9     		cbnz	r0, .L6
  66              	.L2:
 102:Src/tim.c     ****   {
 103:Src/tim.c     ****     Error_Handler();
 104:Src/tim.c     ****   }
 105:Src/tim.c     ****   sClockSourceConfig.ClockSource = TIM_CLOCKSOURCE_INTERNAL;
  67              		.loc 1 105 0
ARM GAS  C:\Users\Patrick\AppData\Local\Temp\ccrFS9S6.s 			page 4


  68 0030 06A9     		add	r1, sp, #24
  69 0032 4FF48053 		mov	r3, #4096
  70 0036 41F8103D 		str	r3, [r1, #-16]!
 106:Src/tim.c     ****   if (HAL_TIM_ConfigClockSource(&htim3, &sClockSourceConfig) != HAL_OK)
  71              		.loc 1 106 0
  72 003a 0C48     		ldr	r0, .L9
  73 003c FFF7FEFF 		bl	HAL_TIM_ConfigClockSource
  74              	.LVL1:
  75 0040 70B9     		cbnz	r0, .L7
  76              	.L3:
 107:Src/tim.c     ****   {
 108:Src/tim.c     ****     Error_Handler();
 109:Src/tim.c     ****   }
 110:Src/tim.c     ****   sMasterConfig.MasterOutputTrigger = TIM_TRGO_UPDATE;
  77              		.loc 1 110 0
  78 0042 2023     		movs	r3, #32
  79 0044 0093     		str	r3, [sp]
 111:Src/tim.c     ****   sMasterConfig.MasterSlaveMode = TIM_MASTERSLAVEMODE_DISABLE;
  80              		.loc 1 111 0
  81 0046 0023     		movs	r3, #0
  82 0048 0193     		str	r3, [sp, #4]
 112:Src/tim.c     ****   if (HAL_TIMEx_MasterConfigSynchronization(&htim3, &sMasterConfig) != HAL_OK)
  83              		.loc 1 112 0
  84 004a 6946     		mov	r1, sp
  85 004c 0748     		ldr	r0, .L9
  86 004e FFF7FEFF 		bl	HAL_TIMEx_MasterConfigSynchronization
  87              	.LVL2:
  88 0052 40B9     		cbnz	r0, .L8
  89              	.L1:
 113:Src/tim.c     ****   {
 114:Src/tim.c     ****     Error_Handler();
 115:Src/tim.c     ****   }
 116:Src/tim.c     **** 
 117:Src/tim.c     **** }
  90              		.loc 1 117 0
  91 0054 07B0     		add	sp, sp, #28
  92              	.LCFI2:
  93              		.cfi_remember_state
  94              		.cfi_def_cfa_offset 4
  95              		@ sp needed
  96 0056 5DF804FB 		ldr	pc, [sp], #4
  97              	.L6:
  98              	.LCFI3:
  99              		.cfi_restore_state
 103:Src/tim.c     ****   }
 100              		.loc 1 103 0
 101 005a FFF7FEFF 		bl	Error_Handler
 102              	.LVL3:
 103 005e E7E7     		b	.L2
 104              	.L7:
 108:Src/tim.c     ****   }
 105              		.loc 1 108 0
 106 0060 FFF7FEFF 		bl	Error_Handler
 107              	.LVL4:
 108 0064 EDE7     		b	.L3
 109              	.L8:
 114:Src/tim.c     ****   }
ARM GAS  C:\Users\Patrick\AppData\Local\Temp\ccrFS9S6.s 			page 5


 110              		.loc 1 114 0
 111 0066 FFF7FEFF 		bl	Error_Handler
 112              	.LVL5:
 113              		.loc 1 117 0
 114 006a F3E7     		b	.L1
 115              	.L10:
 116              		.align	2
 117              	.L9:
 118 006c 00000000 		.word	htim3
 119 0070 00040040 		.word	1073742848
 120              		.cfi_endproc
 121              	.LFE67:
 123              		.section	.text.HAL_TIM_Base_MspInit,"ax",%progbits
 124              		.align	1
 125              		.global	HAL_TIM_Base_MspInit
 126              		.syntax unified
 127              		.thumb
 128              		.thumb_func
 129              		.fpu softvfp
 131              	HAL_TIM_Base_MspInit:
 132              	.LFB68:
 118:Src/tim.c     **** 
 119:Src/tim.c     **** void HAL_TIM_Base_MspInit(TIM_HandleTypeDef* tim_baseHandle)
 120:Src/tim.c     **** {
 133              		.loc 1 120 0
 134              		.cfi_startproc
 135              		@ args = 0, pretend = 0, frame = 8
 136              		@ frame_needed = 0, uses_anonymous_args = 0
 137              	.LVL6:
 138 0000 00B5     		push	{lr}
 139              	.LCFI4:
 140              		.cfi_def_cfa_offset 4
 141              		.cfi_offset 14, -4
 142 0002 83B0     		sub	sp, sp, #12
 143              	.LCFI5:
 144              		.cfi_def_cfa_offset 16
 121:Src/tim.c     **** 
 122:Src/tim.c     ****   if(tim_baseHandle->Instance==TIM1)
 145              		.loc 1 122 0
 146 0004 0368     		ldr	r3, [r0]
 147 0006 234A     		ldr	r2, .L17
 148 0008 9342     		cmp	r3, r2
 149 000a 05D0     		beq	.L15
 123:Src/tim.c     ****   {
 124:Src/tim.c     ****   /* USER CODE BEGIN TIM1_MspInit 0 */
 125:Src/tim.c     **** 
 126:Src/tim.c     ****   /* USER CODE END TIM1_MspInit 0 */
 127:Src/tim.c     ****     /* TIM1 clock enable */
 128:Src/tim.c     ****     __HAL_RCC_TIM1_CLK_ENABLE();
 129:Src/tim.c     **** 
 130:Src/tim.c     ****     /* TIM1 interrupt Init */
 131:Src/tim.c     ****     HAL_NVIC_SetPriority(TIM1_BRK_IRQn, 0, 0);
 132:Src/tim.c     ****     HAL_NVIC_EnableIRQ(TIM1_BRK_IRQn);
 133:Src/tim.c     ****     HAL_NVIC_SetPriority(TIM1_UP_IRQn, 0, 0);
 134:Src/tim.c     ****     HAL_NVIC_EnableIRQ(TIM1_UP_IRQn);
 135:Src/tim.c     ****     HAL_NVIC_SetPriority(TIM1_TRG_COM_IRQn, 0, 0);
 136:Src/tim.c     ****     HAL_NVIC_EnableIRQ(TIM1_TRG_COM_IRQn);
ARM GAS  C:\Users\Patrick\AppData\Local\Temp\ccrFS9S6.s 			page 6


 137:Src/tim.c     ****     HAL_NVIC_SetPriority(TIM1_CC_IRQn, 0, 0);
 138:Src/tim.c     ****     HAL_NVIC_EnableIRQ(TIM1_CC_IRQn);
 139:Src/tim.c     ****   /* USER CODE BEGIN TIM1_MspInit 1 */
 140:Src/tim.c     **** 
 141:Src/tim.c     ****   /* USER CODE END TIM1_MspInit 1 */
 142:Src/tim.c     ****   }
 143:Src/tim.c     ****   else if(tim_baseHandle->Instance==TIM3)
 150              		.loc 1 143 0
 151 000c 224A     		ldr	r2, .L17+4
 152 000e 9342     		cmp	r3, r2
 153 0010 2DD0     		beq	.L16
 154              	.LVL7:
 155              	.L11:
 144:Src/tim.c     ****   {
 145:Src/tim.c     ****   /* USER CODE BEGIN TIM3_MspInit 0 */
 146:Src/tim.c     **** 
 147:Src/tim.c     ****   /* USER CODE END TIM3_MspInit 0 */
 148:Src/tim.c     ****     /* TIM3 clock enable */
 149:Src/tim.c     ****     __HAL_RCC_TIM3_CLK_ENABLE();
 150:Src/tim.c     **** 
 151:Src/tim.c     ****     /* TIM3 interrupt Init */
 152:Src/tim.c     ****     HAL_NVIC_SetPriority(TIM3_IRQn, 0, 0);
 153:Src/tim.c     ****     HAL_NVIC_EnableIRQ(TIM3_IRQn);
 154:Src/tim.c     ****   /* USER CODE BEGIN TIM3_MspInit 1 */
 155:Src/tim.c     **** 
 156:Src/tim.c     ****   /* USER CODE END TIM3_MspInit 1 */
 157:Src/tim.c     ****   }
 158:Src/tim.c     **** }
 156              		.loc 1 158 0
 157 0012 03B0     		add	sp, sp, #12
 158              	.LCFI6:
 159              		.cfi_remember_state
 160              		.cfi_def_cfa_offset 4
 161              		@ sp needed
 162 0014 5DF804FB 		ldr	pc, [sp], #4
 163              	.LVL8:
 164              	.L15:
 165              	.LCFI7:
 166              		.cfi_restore_state
 167              	.LBB2:
 128:Src/tim.c     **** 
 168              		.loc 1 128 0
 169 0018 204B     		ldr	r3, .L17+8
 170 001a 9A69     		ldr	r2, [r3, #24]
 171 001c 42F40062 		orr	r2, r2, #2048
 172 0020 9A61     		str	r2, [r3, #24]
 173 0022 9B69     		ldr	r3, [r3, #24]
 174 0024 03F40063 		and	r3, r3, #2048
 175 0028 0093     		str	r3, [sp]
 176 002a 009B     		ldr	r3, [sp]
 177              	.LBE2:
 131:Src/tim.c     ****     HAL_NVIC_EnableIRQ(TIM1_BRK_IRQn);
 178              		.loc 1 131 0
 179 002c 0022     		movs	r2, #0
 180 002e 1146     		mov	r1, r2
 181 0030 1820     		movs	r0, #24
 182              	.LVL9:
ARM GAS  C:\Users\Patrick\AppData\Local\Temp\ccrFS9S6.s 			page 7


 183 0032 FFF7FEFF 		bl	HAL_NVIC_SetPriority
 184              	.LVL10:
 132:Src/tim.c     ****     HAL_NVIC_SetPriority(TIM1_UP_IRQn, 0, 0);
 185              		.loc 1 132 0
 186 0036 1820     		movs	r0, #24
 187 0038 FFF7FEFF 		bl	HAL_NVIC_EnableIRQ
 188              	.LVL11:
 133:Src/tim.c     ****     HAL_NVIC_EnableIRQ(TIM1_UP_IRQn);
 189              		.loc 1 133 0
 190 003c 0022     		movs	r2, #0
 191 003e 1146     		mov	r1, r2
 192 0040 1920     		movs	r0, #25
 193 0042 FFF7FEFF 		bl	HAL_NVIC_SetPriority
 194              	.LVL12:
 134:Src/tim.c     ****     HAL_NVIC_SetPriority(TIM1_TRG_COM_IRQn, 0, 0);
 195              		.loc 1 134 0
 196 0046 1920     		movs	r0, #25
 197 0048 FFF7FEFF 		bl	HAL_NVIC_EnableIRQ
 198              	.LVL13:
 135:Src/tim.c     ****     HAL_NVIC_EnableIRQ(TIM1_TRG_COM_IRQn);
 199              		.loc 1 135 0
 200 004c 0022     		movs	r2, #0
 201 004e 1146     		mov	r1, r2
 202 0050 1A20     		movs	r0, #26
 203 0052 FFF7FEFF 		bl	HAL_NVIC_SetPriority
 204              	.LVL14:
 136:Src/tim.c     ****     HAL_NVIC_SetPriority(TIM1_CC_IRQn, 0, 0);
 205              		.loc 1 136 0
 206 0056 1A20     		movs	r0, #26
 207 0058 FFF7FEFF 		bl	HAL_NVIC_EnableIRQ
 208              	.LVL15:
 137:Src/tim.c     ****     HAL_NVIC_EnableIRQ(TIM1_CC_IRQn);
 209              		.loc 1 137 0
 210 005c 0022     		movs	r2, #0
 211 005e 1146     		mov	r1, r2
 212 0060 1B20     		movs	r0, #27
 213 0062 FFF7FEFF 		bl	HAL_NVIC_SetPriority
 214              	.LVL16:
 138:Src/tim.c     ****   /* USER CODE BEGIN TIM1_MspInit 1 */
 215              		.loc 1 138 0
 216 0066 1B20     		movs	r0, #27
 217 0068 FFF7FEFF 		bl	HAL_NVIC_EnableIRQ
 218              	.LVL17:
 219 006c D1E7     		b	.L11
 220              	.LVL18:
 221              	.L16:
 222              	.LBB3:
 149:Src/tim.c     **** 
 223              		.loc 1 149 0
 224 006e 0B4B     		ldr	r3, .L17+8
 225 0070 DA69     		ldr	r2, [r3, #28]
 226 0072 42F00202 		orr	r2, r2, #2
 227 0076 DA61     		str	r2, [r3, #28]
 228 0078 DB69     		ldr	r3, [r3, #28]
 229 007a 03F00203 		and	r3, r3, #2
 230 007e 0193     		str	r3, [sp, #4]
 231 0080 019B     		ldr	r3, [sp, #4]
ARM GAS  C:\Users\Patrick\AppData\Local\Temp\ccrFS9S6.s 			page 8


 232              	.LBE3:
 152:Src/tim.c     ****     HAL_NVIC_EnableIRQ(TIM3_IRQn);
 233              		.loc 1 152 0
 234 0082 0022     		movs	r2, #0
 235 0084 1146     		mov	r1, r2
 236 0086 1D20     		movs	r0, #29
 237              	.LVL19:
 238 0088 FFF7FEFF 		bl	HAL_NVIC_SetPriority
 239              	.LVL20:
 153:Src/tim.c     ****   /* USER CODE BEGIN TIM3_MspInit 1 */
 240              		.loc 1 153 0
 241 008c 1D20     		movs	r0, #29
 242 008e FFF7FEFF 		bl	HAL_NVIC_EnableIRQ
 243              	.LVL21:
 244              		.loc 1 158 0
 245 0092 BEE7     		b	.L11
 246              	.L18:
 247              		.align	2
 248              	.L17:
 249 0094 002C0140 		.word	1073818624
 250 0098 00040040 		.word	1073742848
 251 009c 00100240 		.word	1073876992
 252              		.cfi_endproc
 253              	.LFE68:
 255              		.section	.text.HAL_TIM_MspPostInit,"ax",%progbits
 256              		.align	1
 257              		.global	HAL_TIM_MspPostInit
 258              		.syntax unified
 259              		.thumb
 260              		.thumb_func
 261              		.fpu softvfp
 263              	HAL_TIM_MspPostInit:
 264              	.LFB69:
 159:Src/tim.c     **** void HAL_TIM_MspPostInit(TIM_HandleTypeDef* timHandle)
 160:Src/tim.c     **** {
 265              		.loc 1 160 0
 266              		.cfi_startproc
 267              		@ args = 0, pretend = 0, frame = 24
 268              		@ frame_needed = 0, uses_anonymous_args = 0
 269              	.LVL22:
 270 0000 00B5     		push	{lr}
 271              	.LCFI8:
 272              		.cfi_def_cfa_offset 4
 273              		.cfi_offset 14, -4
 274 0002 87B0     		sub	sp, sp, #28
 275              	.LCFI9:
 276              		.cfi_def_cfa_offset 32
 161:Src/tim.c     **** 
 162:Src/tim.c     ****   GPIO_InitTypeDef GPIO_InitStruct = {0};
 277              		.loc 1 162 0
 278 0004 0023     		movs	r3, #0
 279 0006 0293     		str	r3, [sp, #8]
 280 0008 0393     		str	r3, [sp, #12]
 281 000a 0493     		str	r3, [sp, #16]
 282 000c 0593     		str	r3, [sp, #20]
 163:Src/tim.c     ****   if(timHandle->Instance==TIM1)
 283              		.loc 1 163 0
ARM GAS  C:\Users\Patrick\AppData\Local\Temp\ccrFS9S6.s 			page 9


 284 000e 0268     		ldr	r2, [r0]
 285 0010 0D4B     		ldr	r3, .L23
 286 0012 9A42     		cmp	r2, r3
 287 0014 02D0     		beq	.L22
 288              	.LVL23:
 289              	.L19:
 164:Src/tim.c     ****   {
 165:Src/tim.c     ****   /* USER CODE BEGIN TIM1_MspPostInit 0 */
 166:Src/tim.c     **** 
 167:Src/tim.c     ****   /* USER CODE END TIM1_MspPostInit 0 */
 168:Src/tim.c     ****   
 169:Src/tim.c     ****     __HAL_RCC_GPIOA_CLK_ENABLE();
 170:Src/tim.c     ****     /**TIM1 GPIO Configuration    
 171:Src/tim.c     ****     PA8     ------> TIM1_CH1 
 172:Src/tim.c     ****     */
 173:Src/tim.c     ****     GPIO_InitStruct.Pin = GPIO_PIN_8;
 174:Src/tim.c     ****     GPIO_InitStruct.Mode = GPIO_MODE_AF_PP;
 175:Src/tim.c     ****     GPIO_InitStruct.Speed = GPIO_SPEED_FREQ_LOW;
 176:Src/tim.c     ****     HAL_GPIO_Init(GPIOA, &GPIO_InitStruct);
 177:Src/tim.c     **** 
 178:Src/tim.c     ****   /* USER CODE BEGIN TIM1_MspPostInit 1 */
 179:Src/tim.c     **** 
 180:Src/tim.c     ****   /* USER CODE END TIM1_MspPostInit 1 */
 181:Src/tim.c     ****   }
 182:Src/tim.c     **** 
 183:Src/tim.c     **** }
 290              		.loc 1 183 0
 291 0016 07B0     		add	sp, sp, #28
 292              	.LCFI10:
 293              		.cfi_remember_state
 294              		.cfi_def_cfa_offset 4
 295              		@ sp needed
 296 0018 5DF804FB 		ldr	pc, [sp], #4
 297              	.LVL24:
 298              	.L22:
 299              	.LCFI11:
 300              		.cfi_restore_state
 301              	.LBB4:
 169:Src/tim.c     ****     /**TIM1 GPIO Configuration    
 302              		.loc 1 169 0
 303 001c 03F56443 		add	r3, r3, #58368
 304 0020 9A69     		ldr	r2, [r3, #24]
 305 0022 42F00402 		orr	r2, r2, #4
 306 0026 9A61     		str	r2, [r3, #24]
 307 0028 9B69     		ldr	r3, [r3, #24]
 308 002a 03F00403 		and	r3, r3, #4
 309 002e 0193     		str	r3, [sp, #4]
 310 0030 019B     		ldr	r3, [sp, #4]
 311              	.LBE4:
 173:Src/tim.c     ****     GPIO_InitStruct.Mode = GPIO_MODE_AF_PP;
 312              		.loc 1 173 0
 313 0032 4FF48073 		mov	r3, #256
 314 0036 0293     		str	r3, [sp, #8]
 174:Src/tim.c     ****     GPIO_InitStruct.Speed = GPIO_SPEED_FREQ_LOW;
 315              		.loc 1 174 0
 316 0038 0223     		movs	r3, #2
 317 003a 0393     		str	r3, [sp, #12]
ARM GAS  C:\Users\Patrick\AppData\Local\Temp\ccrFS9S6.s 			page 10


 175:Src/tim.c     ****     HAL_GPIO_Init(GPIOA, &GPIO_InitStruct);
 318              		.loc 1 175 0
 319 003c 0593     		str	r3, [sp, #20]
 176:Src/tim.c     **** 
 320              		.loc 1 176 0
 321 003e 02A9     		add	r1, sp, #8
 322 0040 0248     		ldr	r0, .L23+4
 323              	.LVL25:
 324 0042 FFF7FEFF 		bl	HAL_GPIO_Init
 325              	.LVL26:
 326              		.loc 1 183 0
 327 0046 E6E7     		b	.L19
 328              	.L24:
 329              		.align	2
 330              	.L23:
 331 0048 002C0140 		.word	1073818624
 332 004c 00080140 		.word	1073809408
 333              		.cfi_endproc
 334              	.LFE69:
 336              		.section	.text.MX_TIM1_Init,"ax",%progbits
 337              		.align	1
 338              		.global	MX_TIM1_Init
 339              		.syntax unified
 340              		.thumb
 341              		.thumb_func
 342              		.fpu softvfp
 344              	MX_TIM1_Init:
 345              	.LFB66:
  32:Src/tim.c     ****   TIM_ClockConfigTypeDef sClockSourceConfig = {0};
 346              		.loc 1 32 0
 347              		.cfi_startproc
 348              		@ args = 0, pretend = 0, frame = 80
 349              		@ frame_needed = 0, uses_anonymous_args = 0
 350 0000 00B5     		push	{lr}
 351              	.LCFI12:
 352              		.cfi_def_cfa_offset 4
 353              		.cfi_offset 14, -4
 354 0002 95B0     		sub	sp, sp, #84
 355              	.LCFI13:
 356              		.cfi_def_cfa_offset 88
  33:Src/tim.c     ****   TIM_MasterConfigTypeDef sMasterConfig = {0};
 357              		.loc 1 33 0
 358 0004 0023     		movs	r3, #0
 359 0006 1093     		str	r3, [sp, #64]
 360 0008 1193     		str	r3, [sp, #68]
 361 000a 1293     		str	r3, [sp, #72]
 362 000c 1393     		str	r3, [sp, #76]
  34:Src/tim.c     ****   TIM_OC_InitTypeDef sConfigOC = {0};
 363              		.loc 1 34 0
 364 000e 0E93     		str	r3, [sp, #56]
 365 0010 0F93     		str	r3, [sp, #60]
  35:Src/tim.c     ****   TIM_BreakDeadTimeConfigTypeDef sBreakDeadTimeConfig = {0};
 366              		.loc 1 35 0
 367 0012 0793     		str	r3, [sp, #28]
 368 0014 0893     		str	r3, [sp, #32]
 369 0016 0993     		str	r3, [sp, #36]
 370 0018 0A93     		str	r3, [sp, #40]
ARM GAS  C:\Users\Patrick\AppData\Local\Temp\ccrFS9S6.s 			page 11


 371 001a 0B93     		str	r3, [sp, #44]
 372 001c 0C93     		str	r3, [sp, #48]
 373 001e 0D93     		str	r3, [sp, #52]
  36:Src/tim.c     **** 
 374              		.loc 1 36 0
 375 0020 0093     		str	r3, [sp]
 376 0022 0193     		str	r3, [sp, #4]
 377 0024 0293     		str	r3, [sp, #8]
 378 0026 0393     		str	r3, [sp, #12]
 379 0028 0493     		str	r3, [sp, #16]
 380 002a 0593     		str	r3, [sp, #20]
 381 002c 0693     		str	r3, [sp, #24]
  38:Src/tim.c     ****   htim1.Init.Prescaler = 1199;
 382              		.loc 1 38 0
 383 002e 2F48     		ldr	r0, .L39
 384 0030 2F4A     		ldr	r2, .L39+4
 385 0032 0260     		str	r2, [r0]
  39:Src/tim.c     ****   htim1.Init.CounterMode = TIM_COUNTERMODE_UP;
 386              		.loc 1 39 0
 387 0034 40F2AF42 		movw	r2, #1199
 388 0038 4260     		str	r2, [r0, #4]
  40:Src/tim.c     ****   htim1.Init.Period = 1199;
 389              		.loc 1 40 0
 390 003a 8360     		str	r3, [r0, #8]
  41:Src/tim.c     ****   htim1.Init.ClockDivision = TIM_CLOCKDIVISION_DIV1;
 391              		.loc 1 41 0
 392 003c C260     		str	r2, [r0, #12]
  42:Src/tim.c     ****   htim1.Init.RepetitionCounter = 0;
 393              		.loc 1 42 0
 394 003e 0361     		str	r3, [r0, #16]
  43:Src/tim.c     ****   htim1.Init.AutoReloadPreload = TIM_AUTORELOAD_PRELOAD_DISABLE;
 395              		.loc 1 43 0
 396 0040 4361     		str	r3, [r0, #20]
  44:Src/tim.c     ****   if (HAL_TIM_Base_Init(&htim1) != HAL_OK)
 397              		.loc 1 44 0
 398 0042 8361     		str	r3, [r0, #24]
  45:Src/tim.c     ****   {
 399              		.loc 1 45 0
 400 0044 FFF7FEFF 		bl	HAL_TIM_Base_Init
 401              	.LVL27:
 402 0048 0028     		cmp	r0, #0
 403 004a 3CD1     		bne	.L33
 404              	.L26:
  49:Src/tim.c     ****   if (HAL_TIM_ConfigClockSource(&htim1, &sClockSourceConfig) != HAL_OK)
 405              		.loc 1 49 0
 406 004c 14A9     		add	r1, sp, #80
 407 004e 4FF48053 		mov	r3, #4096
 408 0052 41F8103D 		str	r3, [r1, #-16]!
  50:Src/tim.c     ****   {
 409              		.loc 1 50 0
 410 0056 2548     		ldr	r0, .L39
 411 0058 FFF7FEFF 		bl	HAL_TIM_ConfigClockSource
 412              	.LVL28:
 413 005c 0028     		cmp	r0, #0
 414 005e 35D1     		bne	.L34
 415              	.L27:
  54:Src/tim.c     ****   {
ARM GAS  C:\Users\Patrick\AppData\Local\Temp\ccrFS9S6.s 			page 12


 416              		.loc 1 54 0
 417 0060 2248     		ldr	r0, .L39
 418 0062 FFF7FEFF 		bl	HAL_TIM_PWM_Init
 419              	.LVL29:
 420 0066 0028     		cmp	r0, #0
 421 0068 33D1     		bne	.L35
 422              	.L28:
  58:Src/tim.c     ****   sMasterConfig.MasterSlaveMode = TIM_MASTERSLAVEMODE_DISABLE;
 423              		.loc 1 58 0
 424 006a 0023     		movs	r3, #0
 425 006c 0E93     		str	r3, [sp, #56]
  59:Src/tim.c     ****   if (HAL_TIMEx_MasterConfigSynchronization(&htim1, &sMasterConfig) != HAL_OK)
 426              		.loc 1 59 0
 427 006e 0F93     		str	r3, [sp, #60]
  60:Src/tim.c     ****   {
 428              		.loc 1 60 0
 429 0070 0EA9     		add	r1, sp, #56
 430 0072 1E48     		ldr	r0, .L39
 431 0074 FFF7FEFF 		bl	HAL_TIMEx_MasterConfigSynchronization
 432              	.LVL30:
 433 0078 0028     		cmp	r0, #0
 434 007a 2DD1     		bne	.L36
 435              	.L29:
  64:Src/tim.c     ****   sConfigOC.Pulse = 599;
 436              		.loc 1 64 0
 437 007c 6023     		movs	r3, #96
 438 007e 0793     		str	r3, [sp, #28]
  65:Src/tim.c     ****   sConfigOC.OCPolarity = TIM_OCPOLARITY_HIGH;
 439              		.loc 1 65 0
 440 0080 40F25723 		movw	r3, #599
 441 0084 0893     		str	r3, [sp, #32]
  66:Src/tim.c     ****   sConfigOC.OCNPolarity = TIM_OCNPOLARITY_HIGH;
 442              		.loc 1 66 0
 443 0086 0022     		movs	r2, #0
 444 0088 0992     		str	r2, [sp, #36]
  67:Src/tim.c     ****   sConfigOC.OCFastMode = TIM_OCFAST_DISABLE;
 445              		.loc 1 67 0
 446 008a 0A92     		str	r2, [sp, #40]
  68:Src/tim.c     ****   sConfigOC.OCIdleState = TIM_OCIDLESTATE_RESET;
 447              		.loc 1 68 0
 448 008c 0B92     		str	r2, [sp, #44]
  69:Src/tim.c     ****   sConfigOC.OCNIdleState = TIM_OCNIDLESTATE_RESET;
 449              		.loc 1 69 0
 450 008e 0C92     		str	r2, [sp, #48]
  70:Src/tim.c     ****   if (HAL_TIM_PWM_ConfigChannel(&htim1, &sConfigOC, TIM_CHANNEL_1) != HAL_OK)
 451              		.loc 1 70 0
 452 0090 0D92     		str	r2, [sp, #52]
  71:Src/tim.c     ****   {
 453              		.loc 1 71 0
 454 0092 07A9     		add	r1, sp, #28
 455 0094 1548     		ldr	r0, .L39
 456 0096 FFF7FEFF 		bl	HAL_TIM_PWM_ConfigChannel
 457              	.LVL31:
 458 009a 00BB     		cbnz	r0, .L37
 459              	.L30:
  75:Src/tim.c     ****   sBreakDeadTimeConfig.OffStateIDLEMode = TIM_OSSI_DISABLE;
 460              		.loc 1 75 0
ARM GAS  C:\Users\Patrick\AppData\Local\Temp\ccrFS9S6.s 			page 13


 461 009c 0023     		movs	r3, #0
 462 009e 0093     		str	r3, [sp]
  76:Src/tim.c     ****   sBreakDeadTimeConfig.LockLevel = TIM_LOCKLEVEL_OFF;
 463              		.loc 1 76 0
 464 00a0 0193     		str	r3, [sp, #4]
  77:Src/tim.c     ****   sBreakDeadTimeConfig.DeadTime = 0;
 465              		.loc 1 77 0
 466 00a2 0293     		str	r3, [sp, #8]
  78:Src/tim.c     ****   sBreakDeadTimeConfig.BreakState = TIM_BREAK_DISABLE;
 467              		.loc 1 78 0
 468 00a4 0393     		str	r3, [sp, #12]
  79:Src/tim.c     ****   sBreakDeadTimeConfig.BreakPolarity = TIM_BREAKPOLARITY_HIGH;
 469              		.loc 1 79 0
 470 00a6 0493     		str	r3, [sp, #16]
  80:Src/tim.c     ****   sBreakDeadTimeConfig.AutomaticOutput = TIM_AUTOMATICOUTPUT_DISABLE;
 471              		.loc 1 80 0
 472 00a8 4FF40052 		mov	r2, #8192
 473 00ac 0592     		str	r2, [sp, #20]
  81:Src/tim.c     ****   if (HAL_TIMEx_ConfigBreakDeadTime(&htim1, &sBreakDeadTimeConfig) != HAL_OK)
 474              		.loc 1 81 0
 475 00ae 0693     		str	r3, [sp, #24]
  82:Src/tim.c     ****   {
 476              		.loc 1 82 0
 477 00b0 6946     		mov	r1, sp
 478 00b2 0E48     		ldr	r0, .L39
 479 00b4 FFF7FEFF 		bl	HAL_TIMEx_ConfigBreakDeadTime
 480              	.LVL32:
 481 00b8 A0B9     		cbnz	r0, .L38
 482              	.L31:
  86:Src/tim.c     **** 
 483              		.loc 1 86 0
 484 00ba 0C48     		ldr	r0, .L39
 485 00bc FFF7FEFF 		bl	HAL_TIM_MspPostInit
 486              	.LVL33:
  88:Src/tim.c     **** /* TIM3 init function */
 487              		.loc 1 88 0
 488 00c0 15B0     		add	sp, sp, #84
 489              	.LCFI14:
 490              		.cfi_remember_state
 491              		.cfi_def_cfa_offset 4
 492              		@ sp needed
 493 00c2 5DF804FB 		ldr	pc, [sp], #4
 494              	.L33:
 495              	.LCFI15:
 496              		.cfi_restore_state
  47:Src/tim.c     ****   }
 497              		.loc 1 47 0
 498 00c6 FFF7FEFF 		bl	Error_Handler
 499              	.LVL34:
 500 00ca BFE7     		b	.L26
 501              	.L34:
  52:Src/tim.c     ****   }
 502              		.loc 1 52 0
 503 00cc FFF7FEFF 		bl	Error_Handler
 504              	.LVL35:
 505 00d0 C6E7     		b	.L27
 506              	.L35:
ARM GAS  C:\Users\Patrick\AppData\Local\Temp\ccrFS9S6.s 			page 14


  56:Src/tim.c     ****   }
 507              		.loc 1 56 0
 508 00d2 FFF7FEFF 		bl	Error_Handler
 509              	.LVL36:
 510 00d6 C8E7     		b	.L28
 511              	.L36:
  62:Src/tim.c     ****   }
 512              		.loc 1 62 0
 513 00d8 FFF7FEFF 		bl	Error_Handler
 514              	.LVL37:
 515 00dc CEE7     		b	.L29
 516              	.L37:
  73:Src/tim.c     ****   }
 517              		.loc 1 73 0
 518 00de FFF7FEFF 		bl	Error_Handler
 519              	.LVL38:
 520 00e2 DBE7     		b	.L30
 521              	.L38:
  84:Src/tim.c     ****   }
 522              		.loc 1 84 0
 523 00e4 FFF7FEFF 		bl	Error_Handler
 524              	.LVL39:
 525 00e8 E7E7     		b	.L31
 526              	.L40:
 527 00ea 00BF     		.align	2
 528              	.L39:
 529 00ec 00000000 		.word	htim1
 530 00f0 002C0140 		.word	1073818624
 531              		.cfi_endproc
 532              	.LFE66:
 534              		.section	.text.HAL_TIM_Base_MspDeInit,"ax",%progbits
 535              		.align	1
 536              		.global	HAL_TIM_Base_MspDeInit
 537              		.syntax unified
 538              		.thumb
 539              		.thumb_func
 540              		.fpu softvfp
 542              	HAL_TIM_Base_MspDeInit:
 543              	.LFB70:
 184:Src/tim.c     **** 
 185:Src/tim.c     **** void HAL_TIM_Base_MspDeInit(TIM_HandleTypeDef* tim_baseHandle)
 186:Src/tim.c     **** {
 544              		.loc 1 186 0
 545              		.cfi_startproc
 546              		@ args = 0, pretend = 0, frame = 0
 547              		@ frame_needed = 0, uses_anonymous_args = 0
 548              	.LVL40:
 549 0000 08B5     		push	{r3, lr}
 550              	.LCFI16:
 551              		.cfi_def_cfa_offset 8
 552              		.cfi_offset 3, -8
 553              		.cfi_offset 14, -4
 187:Src/tim.c     **** 
 188:Src/tim.c     ****   if(tim_baseHandle->Instance==TIM1)
 554              		.loc 1 188 0
 555 0002 0368     		ldr	r3, [r0]
 556 0004 114A     		ldr	r2, .L47
ARM GAS  C:\Users\Patrick\AppData\Local\Temp\ccrFS9S6.s 			page 15


 557 0006 9342     		cmp	r3, r2
 558 0008 03D0     		beq	.L45
 189:Src/tim.c     ****   {
 190:Src/tim.c     ****   /* USER CODE BEGIN TIM1_MspDeInit 0 */
 191:Src/tim.c     **** 
 192:Src/tim.c     ****   /* USER CODE END TIM1_MspDeInit 0 */
 193:Src/tim.c     ****     /* Peripheral clock disable */
 194:Src/tim.c     ****     __HAL_RCC_TIM1_CLK_DISABLE();
 195:Src/tim.c     **** 
 196:Src/tim.c     ****     /* TIM1 interrupt Deinit */
 197:Src/tim.c     ****     HAL_NVIC_DisableIRQ(TIM1_BRK_IRQn);
 198:Src/tim.c     ****     HAL_NVIC_DisableIRQ(TIM1_UP_IRQn);
 199:Src/tim.c     ****     HAL_NVIC_DisableIRQ(TIM1_TRG_COM_IRQn);
 200:Src/tim.c     ****     HAL_NVIC_DisableIRQ(TIM1_CC_IRQn);
 201:Src/tim.c     ****   /* USER CODE BEGIN TIM1_MspDeInit 1 */
 202:Src/tim.c     **** 
 203:Src/tim.c     ****   /* USER CODE END TIM1_MspDeInit 1 */
 204:Src/tim.c     ****   }
 205:Src/tim.c     ****   else if(tim_baseHandle->Instance==TIM3)
 559              		.loc 1 205 0
 560 000a 114A     		ldr	r2, .L47+4
 561 000c 9342     		cmp	r3, r2
 562 000e 13D0     		beq	.L46
 563              	.LVL41:
 564              	.L41:
 206:Src/tim.c     ****   {
 207:Src/tim.c     ****   /* USER CODE BEGIN TIM3_MspDeInit 0 */
 208:Src/tim.c     **** 
 209:Src/tim.c     ****   /* USER CODE END TIM3_MspDeInit 0 */
 210:Src/tim.c     ****     /* Peripheral clock disable */
 211:Src/tim.c     ****     __HAL_RCC_TIM3_CLK_DISABLE();
 212:Src/tim.c     **** 
 213:Src/tim.c     ****     /* TIM3 interrupt Deinit */
 214:Src/tim.c     ****     HAL_NVIC_DisableIRQ(TIM3_IRQn);
 215:Src/tim.c     ****   /* USER CODE BEGIN TIM3_MspDeInit 1 */
 216:Src/tim.c     **** 
 217:Src/tim.c     ****   /* USER CODE END TIM3_MspDeInit 1 */
 218:Src/tim.c     ****   }
 219:Src/tim.c     **** } 
 565              		.loc 1 219 0
 566 0010 08BD     		pop	{r3, pc}
 567              	.LVL42:
 568              	.L45:
 194:Src/tim.c     **** 
 569              		.loc 1 194 0
 570 0012 02F56442 		add	r2, r2, #58368
 571 0016 9369     		ldr	r3, [r2, #24]
 572 0018 23F40063 		bic	r3, r3, #2048
 573 001c 9361     		str	r3, [r2, #24]
 197:Src/tim.c     ****     HAL_NVIC_DisableIRQ(TIM1_UP_IRQn);
 574              		.loc 1 197 0
 575 001e 1820     		movs	r0, #24
 576              	.LVL43:
 577 0020 FFF7FEFF 		bl	HAL_NVIC_DisableIRQ
 578              	.LVL44:
 198:Src/tim.c     ****     HAL_NVIC_DisableIRQ(TIM1_TRG_COM_IRQn);
 579              		.loc 1 198 0
ARM GAS  C:\Users\Patrick\AppData\Local\Temp\ccrFS9S6.s 			page 16


 580 0024 1920     		movs	r0, #25
 581 0026 FFF7FEFF 		bl	HAL_NVIC_DisableIRQ
 582              	.LVL45:
 199:Src/tim.c     ****     HAL_NVIC_DisableIRQ(TIM1_CC_IRQn);
 583              		.loc 1 199 0
 584 002a 1A20     		movs	r0, #26
 585 002c FFF7FEFF 		bl	HAL_NVIC_DisableIRQ
 586              	.LVL46:
 200:Src/tim.c     ****   /* USER CODE BEGIN TIM1_MspDeInit 1 */
 587              		.loc 1 200 0
 588 0030 1B20     		movs	r0, #27
 589 0032 FFF7FEFF 		bl	HAL_NVIC_DisableIRQ
 590              	.LVL47:
 591 0036 EBE7     		b	.L41
 592              	.LVL48:
 593              	.L46:
 211:Src/tim.c     **** 
 594              		.loc 1 211 0
 595 0038 02F50332 		add	r2, r2, #134144
 596 003c D369     		ldr	r3, [r2, #28]
 597 003e 23F00203 		bic	r3, r3, #2
 598 0042 D361     		str	r3, [r2, #28]
 214:Src/tim.c     ****   /* USER CODE BEGIN TIM3_MspDeInit 1 */
 599              		.loc 1 214 0
 600 0044 1D20     		movs	r0, #29
 601              	.LVL49:
 602 0046 FFF7FEFF 		bl	HAL_NVIC_DisableIRQ
 603              	.LVL50:
 604              		.loc 1 219 0
 605 004a E1E7     		b	.L41
 606              	.L48:
 607              		.align	2
 608              	.L47:
 609 004c 002C0140 		.word	1073818624
 610 0050 00040040 		.word	1073742848
 611              		.cfi_endproc
 612              	.LFE70:
 614              		.comm	htim3,64,4
 615              		.comm	htim1,64,4
 616              		.text
 617              	.Letext0:
 618              		.file 2 "c:\\program files (x86)\\embedded toolchain\\gnu tools arm embedded\\7 2017-q4-major\\arm
 619              		.file 3 "c:\\program files (x86)\\embedded toolchain\\gnu tools arm embedded\\7 2017-q4-major\\arm
 620              		.file 4 "Drivers/CMSIS/Include/core_cm3.h"
 621              		.file 5 "Drivers/CMSIS/Device/ST/STM32F1xx/Include/system_stm32f1xx.h"
 622              		.file 6 "Drivers/CMSIS/Device/ST/STM32F1xx/Include/stm32f103xb.h"
 623              		.file 7 "c:\\program files (x86)\\embedded toolchain\\gnu tools arm embedded\\7 2017-q4-major\\arm
 624              		.file 8 "c:\\program files (x86)\\embedded toolchain\\gnu tools arm embedded\\7 2017-q4-major\\arm
 625              		.file 9 "c:\\program files (x86)\\embedded toolchain\\gnu tools arm embedded\\7 2017-q4-major\\lib
 626              		.file 10 "c:\\program files (x86)\\embedded toolchain\\gnu tools arm embedded\\7 2017-q4-major\\ar
 627              		.file 11 "Drivers/STM32F1xx_HAL_Driver/Inc/stm32f1xx_hal_def.h"
 628              		.file 12 "Drivers/STM32F1xx_HAL_Driver/Inc/stm32f1xx_hal_gpio.h"
 629              		.file 13 "Drivers/STM32F1xx_HAL_Driver/Inc/stm32f1xx_hal_dma.h"
 630              		.file 14 "Drivers/STM32F1xx_HAL_Driver/Inc/stm32f1xx_hal_tim.h"
 631              		.file 15 "Drivers/STM32F1xx_HAL_Driver/Inc/stm32f1xx_hal_tim_ex.h"
 632              		.file 16 "Drivers/STM32F1xx_HAL_Driver/Inc/stm32f1xx_hal.h"
 633              		.file 17 "Inc/tim.h"
ARM GAS  C:\Users\Patrick\AppData\Local\Temp\ccrFS9S6.s 			page 17


 634              		.file 18 "Drivers/STM32F1xx_HAL_Driver/Inc/stm32f1xx_hal_cortex.h"
 635              		.file 19 "Inc/main.h"
ARM GAS  C:\Users\Patrick\AppData\Local\Temp\ccrFS9S6.s 			page 18


DEFINED SYMBOLS
                            *ABS*:00000000 tim.c
C:\Users\Patrick\AppData\Local\Temp\ccrFS9S6.s:16     .text.MX_TIM3_Init:00000000 $t
C:\Users\Patrick\AppData\Local\Temp\ccrFS9S6.s:23     .text.MX_TIM3_Init:00000000 MX_TIM3_Init
C:\Users\Patrick\AppData\Local\Temp\ccrFS9S6.s:118    .text.MX_TIM3_Init:0000006c $d
                            *COM*:00000040 htim3
C:\Users\Patrick\AppData\Local\Temp\ccrFS9S6.s:124    .text.HAL_TIM_Base_MspInit:00000000 $t
C:\Users\Patrick\AppData\Local\Temp\ccrFS9S6.s:131    .text.HAL_TIM_Base_MspInit:00000000 HAL_TIM_Base_MspInit
C:\Users\Patrick\AppData\Local\Temp\ccrFS9S6.s:249    .text.HAL_TIM_Base_MspInit:00000094 $d
C:\Users\Patrick\AppData\Local\Temp\ccrFS9S6.s:256    .text.HAL_TIM_MspPostInit:00000000 $t
C:\Users\Patrick\AppData\Local\Temp\ccrFS9S6.s:263    .text.HAL_TIM_MspPostInit:00000000 HAL_TIM_MspPostInit
C:\Users\Patrick\AppData\Local\Temp\ccrFS9S6.s:331    .text.HAL_TIM_MspPostInit:00000048 $d
C:\Users\Patrick\AppData\Local\Temp\ccrFS9S6.s:337    .text.MX_TIM1_Init:00000000 $t
C:\Users\Patrick\AppData\Local\Temp\ccrFS9S6.s:344    .text.MX_TIM1_Init:00000000 MX_TIM1_Init
C:\Users\Patrick\AppData\Local\Temp\ccrFS9S6.s:529    .text.MX_TIM1_Init:000000ec $d
                            *COM*:00000040 htim1
C:\Users\Patrick\AppData\Local\Temp\ccrFS9S6.s:535    .text.HAL_TIM_Base_MspDeInit:00000000 $t
C:\Users\Patrick\AppData\Local\Temp\ccrFS9S6.s:542    .text.HAL_TIM_Base_MspDeInit:00000000 HAL_TIM_Base_MspDeInit
C:\Users\Patrick\AppData\Local\Temp\ccrFS9S6.s:609    .text.HAL_TIM_Base_MspDeInit:0000004c $d

UNDEFINED SYMBOLS
HAL_TIM_Base_Init
HAL_TIM_ConfigClockSource
HAL_TIMEx_MasterConfigSynchronization
Error_Handler
HAL_NVIC_SetPriority
HAL_NVIC_EnableIRQ
HAL_GPIO_Init
HAL_TIM_PWM_Init
HAL_TIM_PWM_ConfigChannel
HAL_TIMEx_ConfigBreakDeadTime
HAL_NVIC_DisableIRQ
